#
# There is insufficient memory for the Java Runtime Environment to continue.
# Native memory allocation (malloc) failed to allocate 1015616 bytes for Chunk::new
# Possible reasons:
#   The system is out of physical RAM or swap space
#   The process is running with CompressedOops enabled, and the Java Heap may be blocking the growth of the native heap
# Possible solutions:
#   Reduce memory load on the system
#   Increase physical memory or swap space
#   Check if swap backing store is full
#   Decrease Java heap size (-Xmx/-Xms)
#   Decrease number of Java threads
#   Decrease Java thread stack sizes (-Xss)
#   Set larger code cache with -XX:ReservedCodeCacheSize=
#   JVM is running with Zero Based Compressed Oops mode in which the Java heap is
#     placed in the first 32GB address space. The Java Heap base address is the
#     maximum limit for the native heap growth. Please use -XX:HeapBaseMinAddress
#     to set the Java Heap base and to place the Java Heap above 32GB virtual address.
# This output file may be truncated or incomplete.
#
#  Out of Memory Error (allocation.cpp:389), pid=11880, tid=0x00000000000046bc
#
# JRE version: Java(TM) SE Runtime Environment (8.0_202-b08) (build 1.8.0_202-b08)
# Java VM: Java HotSpot(TM) 64-Bit Server VM (25.202-b08 mixed mode windows-amd64 compressed oops)
# Failed to write core dump. Minidumps are not enabled by default on client versions of Windows
#

---------------  T H R E A D  ---------------

Current thread (0x000000001c5cc000):  JavaThread "C2 CompilerThread0" daemon [_thread_in_native, id=18108, stack(0x000000001dc20000,0x000000001dd20000)]

Stack: [0x000000001dc20000,0x000000001dd20000]
[error occurred during error reporting (printing stack bounds), id 0xc0000005]

Native frames: (J=compiled Java code, j=interpreted, Vv=VM code, C=native code)


Current CompileTask:
C2:  96017 4102       4       java.net.URLClassLoader$1::run (5 bytes)


---------------  P R O C E S S  ---------------

Java Threads: ( => current thread )
  0x0000000021aea800 JavaThread "DestroyJavaVM" [_thread_blocked, id=4672, stack(0x0000000002dc0000,0x0000000002ec0000)]
  0x0000000021ae7800 JavaThread "http-nio-9006-Acceptor" daemon [_thread_in_native, id=10580, stack(0x00000000273d0000,0x00000000274d0000)]
  0x0000000021ae8000 JavaThread "http-nio-9006-Poller" daemon [_thread_in_native, id=408, stack(0x00000000272d0000,0x00000000273d0000)]
  0x0000000021aec000 JavaThread "http-nio-9006-exec-10" daemon [_thread_blocked, id=17772, stack(0x00000000271d0000,0x00000000272d0000)]
  0x0000000021ae6000 JavaThread "http-nio-9006-exec-9" daemon [_thread_blocked, id=1320, stack(0x00000000270d0000,0x00000000271d0000)]
  0x000000001f4c1800 JavaThread "http-nio-9006-exec-8" daemon [_thread_blocked, id=4732, stack(0x0000000026ed0000,0x0000000026fd0000)]
  0x000000001f4c1000 JavaThread "http-nio-9006-exec-7" daemon [_thread_blocked, id=15012, stack(0x0000000026dd0000,0x0000000026ed0000)]
  0x000000001f4be800 JavaThread "http-nio-9006-exec-6" daemon [_thread_blocked, id=14884, stack(0x0000000026cd0000,0x0000000026dd0000)]
  0x000000001f4bf800 JavaThread "http-nio-9006-exec-5" daemon [_thread_blocked, id=15168, stack(0x0000000026bd0000,0x0000000026cd0000)]
  0x000000001f4c4800 JavaThread "http-nio-9006-exec-4" daemon [_thread_blocked, id=5172, stack(0x0000000026ad0000,0x0000000026bd0000)]
  0x000000001f4c4000 JavaThread "http-nio-9006-exec-3" daemon [_thread_blocked, id=14572, stack(0x00000000269d0000,0x0000000026ad0000)]
  0x000000001f4c2800 JavaThread "http-nio-9006-exec-2" daemon [_thread_in_vm, id=9252, stack(0x00000000268d0000,0x00000000269d0000)]
  0x000000001f4c3000 JavaThread "http-nio-9006-exec-1" daemon [_thread_blocked, id=9436, stack(0x00000000267d0000,0x00000000268d0000)]
  0x000000001f4c0000 JavaThread "HikariPool-1 housekeeper" daemon [_thread_blocked, id=15224, stack(0x00000000256b0000,0x00000000257b0000)]
  0x000000001f50f000 JavaThread "mysql-cj-abandoned-connection-cleanup" daemon [_thread_blocked, id=17168, stack(0x00000000237f0000,0x00000000238f0000)]
  0x0000000023742800 JavaThread "container-0" [_thread_blocked, id=18372, stack(0x0000000022440000,0x0000000022540000)]
  0x0000000020bd2800 JavaThread "Catalina-utility-2" [_thread_blocked, id=18380, stack(0x0000000021b40000,0x0000000021c40000)]
  0x00000000218b4000 JavaThread "Catalina-utility-1" [_thread_blocked, id=18092, stack(0x0000000020670000,0x0000000020770000)]
  0x000000001df65000 JavaThread "Service Thread" daemon [_thread_blocked, id=20248, stack(0x000000001e320000,0x000000001e420000)]
  0x000000001c5fd000 JavaThread "C1 CompilerThread2" daemon [_thread_blocked, id=19120, stack(0x000000001de20000,0x000000001df20000)]
  0x000000001c5d8800 JavaThread "C2 CompilerThread1" daemon [_thread_in_native, id=9512, stack(0x000000001dd20000,0x000000001de20000)]
=>0x000000001c5cc000 JavaThread "C2 CompilerThread0" daemon [_thread_in_native, id=18108, stack(0x000000001dc20000,0x000000001dd20000)]
  0x000000001c5ca000 JavaThread "Attach Listener" daemon [_thread_blocked, id=2904, stack(0x000000001db20000,0x000000001dc20000)]
  0x000000001c5c9000 JavaThread "Signal Dispatcher" daemon [_thread_blocked, id=7448, stack(0x000000001da20000,0x000000001db20000)]
  0x0000000002fbe000 JavaThread "Finalizer" daemon [_thread_blocked, id=2500, stack(0x000000001d820000,0x000000001d920000)]
  0x0000000002fb5000 JavaThread "Reference Handler" daemon [_thread_blocked, id=14200, stack(0x000000001d720000,0x000000001d820000)]

Other Threads:
  0x000000001c588000 VMThread [stack: 0x000000001d620000,0x000000001d720000] [id=3148]
  0x000000001df66000 WatcherThread [stack: 0x000000001e420000,0x000000001e520000] [id=3312]

VM state:not at safepoint (normal execution)

VM Mutex/Monitor currently owned by a thread: None

heap address: 0x00000006c1600000, size: 4074 MB, Compressed Oops mode: Zero based, Oop shift amount: 3
Narrow klass base: 0x0000000000000000, Narrow klass shift: 3
Compressed class space size: 1073741824 Address: 0x00000007c0000000

Heap:
 PSYoungGen      total 196608K, used 9626K [0x000000076b200000, 0x000000077d580000, 0x00000007c0000000)
  eden space 181248K, 5% used [0x000000076b200000,0x000000076bb66bf8,0x0000000776300000)
  from space 15360K, 0% used [0x0000000776300000,0x0000000776300000,0x0000000777200000)
  to   space 16896K, 0% used [0x000000077c500000,0x000000077c500000,0x000000077d580000)
 ParOldGen       total 135680K, used 23586K [0x00000006c1600000, 0x00000006c9a80000, 0x000000076b200000)
  object space 135680K, 17% used [0x00000006c1600000,0x00000006c2d08898,0x00000006c9a80000)
 Metaspace       used 56451K, capacity 59944K, committed 60160K, reserved 1101824K
  class space    used 7819K, capacity 8402K, committed 8448K, reserved 1048576K

Card table byte_map: [0x0000000012380000,0x0000000012b80000] byte_map_base: 0x000000000ed75000

Marking Bits: (ParMarkBitMap*) 0x000000005f245ce0
 Begin Bits: [0x00000000134d0000, 0x0000000017478000)
 End Bits:   [0x0000000017478000, 0x000000001b420000)

Polling page: 0x0000000000df0000

CodeCache: size=245760Kb used=12494Kb max_used=14019Kb free=233265Kb
 bounds [0x0000000002fc0000, 0x0000000003dc0000, 0x0000000011fc0000]
 total_blobs=4143 nmethods=3617 adapters=438
 compilation: enabled

Compilation events (10 events):
Event: 95.696 Thread 0x000000001c5fd000 nmethod 4097 0x0000000003416290 code [0x0000000003416420, 0x0000000003416908]
Event: 95.697 Thread 0x000000001c5fd000 4098       3       java.io.FileDescriptor::valid (25 bytes)
Event: 95.697 Thread 0x000000001c5fd000 nmethod 4098 0x0000000003271ad0 code [0x0000000003271c20, 0x0000000003271e10]
Event: 95.707 Thread 0x000000001c5cc000 4099       4       java.util.stream.ReferencePipeline$2$1::accept (27 bytes)
Event: 95.709 Thread 0x000000001c5cc000 nmethod 4099 0x00000000030c0a90 code [0x00000000030c0be0, 0x00000000030c0cb8]
Event: 95.714 Thread 0x000000001c5cc000 4100       4       jdk.internal.org.objectweb.asm.ByteVector::putByteArray (49 bytes)
Event: 95.716 Thread 0x000000001c5cc000 nmethod 4100 0x00000000031b09d0 code [0x00000000031b0b20, 0x00000000031b0c78]
Event: 95.794 Thread 0x000000001c5cc000 4101   !   4       java.util.concurrent.ConcurrentHashMap::putVal (362 bytes)
Event: 95.843 Thread 0x000000001c5cc000 nmethod 4101 0x0000000003217b10 code [0x0000000003217d20, 0x00000000032190a0]
Event: 95.844 Thread 0x000000001c5cc000 4102       4       java.net.URLClassLoader$1::run (5 bytes)

GC Heap History (10 events):
Event: 4.880 GC heap before
{Heap before GC invocations=6 (full 1):
 PSYoungGen      total 121344K, used 100760K [0x000000076b200000, 0x0000000774680000, 0x00000007c0000000)
  eden space 111104K, 81% used [0x000000076b200000,0x0000000770aba7c0,0x0000000771e80000)
  from space 10240K, 96% used [0x0000000773c80000,0x000000077462bb48,0x0000000774680000)
  to   space 10752K, 0% used [0x0000000773180000,0x0000000773180000,0x0000000773c00000)
 ParOldGen       total 91648K, used 7315K [0x00000006c1600000, 0x00000006c6f80000, 0x000000076b200000)
  object space 91648K, 7% used [0x00000006c1600000,0x00000006c1d24e70,0x00000006c6f80000)
 Metaspace       used 33353K, capacity 35404K, committed 35496K, reserved 1079296K
  class space    used 4412K, capacity 4775K, committed 4864K, reserved 1048576K
Event: 4.902 GC heap after
Heap after GC invocations=6 (full 1):
 PSYoungGen      total 141312K, used 9935K [0x000000076b200000, 0x0000000777d80000, 0x00000007c0000000)
  eden space 130560K, 0% used [0x000000076b200000,0x000000076b200000,0x0000000773180000)
  from space 10752K, 92% used [0x0000000773180000,0x0000000773b33d08,0x0000000773c00000)
  to   space 11776K, 0% used [0x0000000777200000,0x0000000777200000,0x0000000777d80000)
 ParOldGen       total 91648K, used 7323K [0x00000006c1600000, 0x00000006c6f80000, 0x000000076b200000)
  object space 91648K, 7% used [0x00000006c1600000,0x00000006c1d26e70,0x00000006c6f80000)
 Metaspace       used 33353K, capacity 35404K, committed 35496K, reserved 1079296K
  class space    used 4412K, capacity 4775K, committed 4864K, reserved 1048576K
}
Event: 4.902 GC heap before
{Heap before GC invocations=7 (full 2):
 PSYoungGen      total 141312K, used 9935K [0x000000076b200000, 0x0000000777d80000, 0x00000007c0000000)
  eden space 130560K, 0% used [0x000000076b200000,0x000000076b200000,0x0000000773180000)
  from space 10752K, 92% used [0x0000000773180000,0x0000000773b33d08,0x0000000773c00000)
  to   space 11776K, 0% used [0x0000000777200000,0x0000000777200000,0x0000000777d80000)
 ParOldGen       total 91648K, used 7323K [0x00000006c1600000, 0x00000006c6f80000, 0x000000076b200000)
  object space 91648K, 7% used [0x00000006c1600000,0x00000006c1d26e70,0x00000006c6f80000)
 Metaspace       used 33353K, capacity 35404K, committed 35496K, reserved 1079296K
  class space    used 4412K, capacity 4775K, committed 4864K, reserved 1048576K
Event: 4.968 GC heap after
Heap after GC invocations=7 (full 2):
 PSYoungGen      total 141312K, used 0K [0x000000076b200000, 0x0000000777d80000, 0x00000007c0000000)
  eden space 130560K, 0% used [0x000000076b200000,0x000000076b200000,0x0000000773180000)
  from space 10752K, 0% used [0x0000000773180000,0x0000000773180000,0x0000000773c00000)
  to   space 11776K, 0% used [0x0000000777200000,0x0000000777200000,0x0000000777d80000)
 ParOldGen       total 135680K, used 14440K [0x00000006c1600000, 0x00000006c9a80000, 0x000000076b200000)
  object space 135680K, 10% used [0x00000006c1600000,0x00000006c241a1e8,0x00000006c9a80000)
 Metaspace       used 33353K, capacity 35404K, committed 35496K, reserved 1079296K
  class space    used 4412K, capacity 4775K, committed 4864K, reserved 1048576K
}
Event: 6.878 GC heap before
{Heap before GC invocations=8 (full 2):
 PSYoungGen      total 141312K, used 130560K [0x000000076b200000, 0x0000000777d80000, 0x00000007c0000000)
  eden space 130560K, 100% used [0x000000076b200000,0x0000000773180000,0x0000000773180000)
  from space 10752K, 0% used [0x0000000773180000,0x0000000773180000,0x0000000773c00000)
  to   space 11776K, 0% used [0x0000000777200000,0x0000000777200000,0x0000000777d80000)
 ParOldGen       total 135680K, used 14440K [0x00000006c1600000, 0x00000006c9a80000, 0x000000076b200000)
  object space 135680K, 10% used [0x00000006c1600000,0x00000006c241a1e8,0x00000006c9a80000)
 Metaspace       used 48122K, capacity 50662K, committed 50944K, reserved 1093632K
  class space    used 6657K, capacity 7095K, committed 7168K, reserved 1048576K
Event: 6.901 GC heap after
Heap after GC invocations=8 (full 2):
 PSYoungGen      total 193024K, used 11752K [0x000000076b200000, 0x0000000779300000, 0x00000007c0000000)
  eden space 181248K, 0% used [0x000000076b200000,0x000000076b200000,0x0000000776300000)
  from space 11776K, 99% used [0x0000000777200000,0x0000000777d7a0b8,0x0000000777d80000)
  to   space 15360K, 0% used [0x0000000776300000,0x0000000776300000,0x0000000777200000)
 ParOldGen       total 135680K, used 19083K [0x00000006c1600000, 0x00000006c9a80000, 0x000000076b200000)
  object space 135680K, 14% used [0x00000006c1600000,0x00000006c28a2f08,0x00000006c9a80000)
 Metaspace       used 48122K, capacity 50662K, committed 50944K, reserved 1093632K
  class space    used 6657K, capacity 7095K, committed 7168K, reserved 1048576K
}
Event: 95.208 GC heap before
{Heap before GC invocations=9 (full 2):
 PSYoungGen      total 193024K, used 95227K [0x000000076b200000, 0x0000000779300000, 0x00000007c0000000)
  eden space 181248K, 46% used [0x000000076b200000,0x0000000770384bc0,0x0000000776300000)
  from space 11776K, 99% used [0x0000000777200000,0x0000000777d7a0b8,0x0000000777d80000)
  to   space 15360K, 0% used [0x0000000776300000,0x0000000776300000,0x0000000777200000)
 ParOldGen       total 135680K, used 19083K [0x00000006c1600000, 0x00000006c9a80000, 0x000000076b200000)
  object space 135680K, 14% used [0x00000006c1600000,0x00000006c28a2f08,0x00000006c9a80000)
 Metaspace       used 55680K, capacity 59090K, committed 59160K, reserved 1099776K
  class space    used 7694K, capacity 8257K, committed 8320K, reserved 1048576K
Event: 95.237 GC heap after
Heap after GC invocations=9 (full 2):
 PSYoungGen      total 196608K, used 14580K [0x000000076b200000, 0x000000077d580000, 0x00000007c0000000)
  eden space 181248K, 0% used [0x000000076b200000,0x000000076b200000,0x0000000776300000)
  from space 15360K, 94% used [0x0000000776300000,0x000000077713d348,0x0000000777200000)
  to   space 16896K, 0% used [0x000000077c500000,0x000000077c500000,0x000000077d580000)
 ParOldGen       total 135680K, used 19091K [0x00000006c1600000, 0x00000006c9a80000, 0x000000076b200000)
  object space 135680K, 14% used [0x00000006c1600000,0x00000006c28a4f08,0x00000006c9a80000)
 Metaspace       used 55680K, capacity 59090K, committed 59160K, reserved 1099776K
  class space    used 7694K, capacity 8257K, committed 8320K, reserved 1048576K
}
Event: 95.237 GC heap before
{Heap before GC invocations=10 (full 3):
 PSYoungGen      total 196608K, used 14580K [0x000000076b200000, 0x000000077d580000, 0x00000007c0000000)
  eden space 181248K, 0% used [0x000000076b200000,0x000000076b200000,0x0000000776300000)
  from space 15360K, 94% used [0x0000000776300000,0x000000077713d348,0x0000000777200000)
  to   space 16896K, 0% used [0x000000077c500000,0x000000077c500000,0x000000077d580000)
 ParOldGen       total 135680K, used 19091K [0x00000006c1600000, 0x00000006c9a80000, 0x000000076b200000)
  object space 135680K, 14% used [0x00000006c1600000,0x00000006c28a4f08,0x00000006c9a80000)
 Metaspace       used 55680K, capacity 59090K, committed 59160K, reserved 1099776K
  class space    used 7694K, capacity 8257K, committed 8320K, reserved 1048576K
Event: 95.556 GC heap after
Heap after GC invocations=10 (full 3):
 PSYoungGen      total 196608K, used 0K [0x000000076b200000, 0x000000077d580000, 0x00000007c0000000)
  eden space 181248K, 0% used [0x000000076b200000,0x000000076b200000,0x0000000776300000)
  from space 15360K, 0% used [0x0000000776300000,0x0000000776300000,0x0000000777200000)
  to   space 16896K, 0% used [0x000000077c500000,0x000000077c500000,0x000000077d580000)
 ParOldGen       total 135680K, used 23586K [0x00000006c1600000, 0x00000006c9a80000, 0x000000076b200000)
  object space 135680K, 17% used [0x00000006c1600000,0x00000006c2d08898,0x00000006c9a80000)
 Metaspace       used 55680K, capacity 59090K, committed 59160K, reserved 1099776K
  class space    used 7694K, capacity 8257K, committed 8320K, reserved 1048576K
}

Deoptimization events (10 events):
Event: 8.131 Thread 0x0000000002ec5000 Uncommon trap: reason=class_check action=maybe_recompile pc=0x0000000003d7f124 method=org.springframework.core.annotation.AnnotationsScanner.processMethodHierarchy(Ljava/lang/Object;[ILjava/lang/Class;Lorg/springframework/core/annotation/AnnotationsProces
Event: 8.131 Thread 0x0000000002ec5000 Uncommon trap: reason=class_check action=maybe_recompile pc=0x0000000003d7f124 method=org.springframework.core.annotation.AnnotationsScanner.processMethodHierarchy(Ljava/lang/Object;[ILjava/lang/Class;Lorg/springframework/core/annotation/AnnotationsProces
Event: 8.135 Thread 0x0000000002ec5000 Uncommon trap: reason=class_check action=maybe_recompile pc=0x0000000003d7f124 method=org.springframework.core.annotation.AnnotationsScanner.processMethodHierarchy(Ljava/lang/Object;[ILjava/lang/Class;Lorg/springframework/core/annotation/AnnotationsProces
Event: 8.135 Thread 0x0000000002ec5000 Uncommon trap: reason=class_check action=maybe_recompile pc=0x0000000003d7f124 method=org.springframework.core.annotation.AnnotationsScanner.processMethodHierarchy(Ljava/lang/Object;[ILjava/lang/Class;Lorg/springframework/core/annotation/AnnotationsProces
Event: 8.176 Thread 0x0000000002ec5000 Uncommon trap: reason=unstable_if action=reinterpret pc=0x0000000003cbd870 method=org.springframework.beans.factory.support.AbstractBeanFactory.isTypeMatch(Ljava/lang/String;Lorg/springframework/core/ResolvableType;Z)Z @ 34
Event: 8.287 Thread 0x0000000002ec5000 Uncommon trap: reason=unstable_if action=reinterpret pc=0x00000000039040d4 method=org.springframework.beans.factory.support.DefaultSingletonBeanRegistry.getSingleton(Ljava/lang/String;Z)Ljava/lang/Object; @ 39
Event: 8.308 Thread 0x0000000002ec5000 Uncommon trap: reason=class_check action=maybe_recompile pc=0x0000000003341d20 method=org.springframework.boot.context.properties.source.ConfigurationPropertyName$Elements.charAt(II)C @ 43
Event: 8.308 Thread 0x0000000002ec5000 Uncommon trap: reason=class_check action=maybe_recompile pc=0x0000000003341d20 method=org.springframework.boot.context.properties.source.ConfigurationPropertyName$Elements.charAt(II)C @ 43
Event: 8.435 Thread 0x0000000002ec5000 Uncommon trap: reason=unstable_if action=reinterpret pc=0x000000000338bd98 method=org.springframework.util.ConcurrentReferenceHashMap$Segment.clear()V @ 7
Event: 95.556 Thread 0x0000000002fb5000 Uncommon trap: reason=unstable_if action=reinterpret pc=0x0000000003c17fb0 method=java.lang.ref.Reference.tryHandlePending(Z)Z @ 20

Classes redefined (0 events):
No events

Internal exceptions (10 events):
Event: 7.730 Thread 0x0000000002ec5000 Exception <a 'java/lang/ClassNotFoundException': org/springframework/web/servlet/config/annotation/WebMvcConfigurationSupportCustomizer> (0x000000076dc2bce0) thrown at [C:\re\workspace\8-2-build-windows-amd64-cygwin\jdk8u202\12323\hotspot\src\share\vm\cla
Event: 7.732 Thread 0x0000000002ec5000 Exception <a 'java/lang/ClassNotFoundException': org/springframework/web/servlet/config/annotation/DelegatingWebMvcConfigurationCustomizer> (0x000000076dc5be78) thrown at [C:\re\workspace\8-2-build-windows-amd64-cygwin\jdk8u202\12323\hotspot\src\share\vm\
Event: 7.732 Thread 0x0000000002ec5000 Exception <a 'java/lang/ClassNotFoundException': org/springframework/boot/autoconfigure/web/servlet/WebMvcAutoConfiguration$EnableWebMvcConfigurationCustomizer> (0x000000076dc7e360) thrown at [C:\re\workspace\8-2-build-windows-amd64-cygwin\jdk8u202\12323\
Event: 7.734 Thread 0x0000000002ec5000 Exception <a 'java/lang/ClassNotFoundException': org/springframework/context/ResourceLoaderAwareCustomizer> (0x000000076dca4bc8) thrown at [C:\re\workspace\8-2-build-windows-amd64-cygwin\jdk8u202\12323\hotspot\src\share\vm\classfile\systemDictionary.cpp, 
Event: 7.735 Thread 0x0000000002ec5000 Exception <a 'java/lang/ClassNotFoundException': org/springframework/beans/factory/AwareCustomizer> (0x000000076dcb5f90) thrown at [C:\re\workspace\8-2-build-windows-amd64-cygwin\jdk8u202\12323\hotspot\src\share\vm\classfile\systemDictionary.cpp, line 210
Event: 7.735 Thread 0x0000000002ec5000 Exception <a 'java/lang/ClassNotFoundException': org/springframework/context/ApplicationContextAwareCustomizer> (0x000000076dcc8c98) thrown at [C:\re\workspace\8-2-build-windows-amd64-cygwin\jdk8u202\12323\hotspot\src\share\vm\classfile\systemDictionary.c
Event: 7.735 Thread 0x0000000002ec5000 Exception <a 'java/lang/ClassNotFoundException': org/springframework/beans/factory/AwareCustomizer> (0x000000076dcda668) thrown at [C:\re\workspace\8-2-build-windows-amd64-cygwin\jdk8u202\12323\hotspot\src\share\vm\classfile\systemDictionary.cpp, line 210
Event: 7.736 Thread 0x0000000002ec5000 Exception <a 'java/lang/ClassNotFoundException': org/springframework/web/context/ServletContextAwareCustomizer> (0x000000076dced368) thrown at [C:\re\workspace\8-2-build-windows-amd64-cygwin\jdk8u202\12323\hotspot\src\share\vm\classfile\systemDictionary.c
Event: 7.736 Thread 0x0000000002ec5000 Exception <a 'java/lang/ClassNotFoundException': org/springframework/beans/factory/AwareCustomizer> (0x000000076dcfe7a8) thrown at [C:\re\workspace\8-2-build-windows-amd64-cygwin\jdk8u202\12323\hotspot\src\share\vm\classfile\systemDictionary.cpp, line 210
Event: 8.211 Thread 0x0000000002ec5000 Exception <a 'java/lang/IncompatibleClassChangeError': Found class java.lang.Object, but interface was expected> (0x000000076eee89f8) thrown at [C:\re\workspace\8-2-build-windows-amd64-cygwin\jdk8u202\12323\hotspot\src\share\vm\interpreter\linkResolver.cp

Events (10 events):
Event: 95.995 loading class antlr/LLkParser
Event: 95.995 loading class antlr/LLkParser done
Event: 95.996 loading class antlr/Parser
Event: 95.997 loading class antlr/Parser done
Event: 95.998 loading class antlr/MismatchedTokenException
Event: 95.998 loading class antlr/MismatchedTokenException done
Event: 96.003 loading class antlr/NoViableAltException
Event: 96.004 loading class antlr/NoViableAltException done
Event: 96.011 loading class antlr/SemanticException
Event: 96.011 loading class antlr/SemanticException done


Dynamic libraries:
0x00007ff7d01a0000 - 0x00007ff7d01d7000 	C:\Program Files\Java\jdk1.8.0_202\bin\javaw.exe
0x00007ffbf0770000 - 0x00007ffbf0965000 	C:\WINDOWS\SYSTEM32\ntdll.dll
0x00007ffbefab0000 - 0x00007ffbefb6e000 	C:\WINDOWS\System32\KERNEL32.DLL
0x00007ffbee280000 - 0x00007ffbee548000 	C:\WINDOWS\System32\KERNELBASE.dll
0x00007ffbf0060000 - 0x00007ffbf010e000 	C:\WINDOWS\System32\ADVAPI32.dll
0x00007ffbef0f0000 - 0x00007ffbef18e000 	C:\WINDOWS\System32\msvcrt.dll
0x00007ffbef8f0000 - 0x00007ffbef98c000 	C:\WINDOWS\System32\sechost.dll
0x00007ffbf0190000 - 0x00007ffbf02b5000 	C:\WINDOWS\System32\RPCRT4.dll
0x00007ffbef750000 - 0x00007ffbef8f0000 	C:\WINDOWS\System32\USER32.dll
0x00007ffbee0a0000 - 0x00007ffbee0c2000 	C:\WINDOWS\System32\win32u.dll
0x00007ffbf0700000 - 0x00007ffbf072b000 	C:\WINDOWS\System32\GDI32.dll
0x00007ffbedf90000 - 0x00007ffbee09b000 	C:\WINDOWS\System32\gdi32full.dll
0x00007ffbee550000 - 0x00007ffbee5ed000 	C:\WINDOWS\System32\msvcp_win.dll
0x00007ffbede90000 - 0x00007ffbedf90000 	C:\WINDOWS\System32\ucrtbase.dll
0x00007ffbccb40000 - 0x00007ffbccdda000 	C:\WINDOWS\WinSxS\amd64_microsoft.windows.common-controls_6595b64144ccf1df_6.0.19041.1110_none_60b5254171f9507e\COMCTL32.dll
0x00007ffbef520000 - 0x00007ffbef550000 	C:\WINDOWS\System32\IMM32.DLL
0x000000005f2d0000 - 0x000000005f3a2000 	C:\Program Files\Java\jdk1.8.0_202\jre\bin\msvcr100.dll
0x000000005ea20000 - 0x000000005f2c5000 	C:\Program Files\Java\jdk1.8.0_202\jre\bin\server\jvm.dll
0x00007ffbef740000 - 0x00007ffbef748000 	C:\WINDOWS\System32\PSAPI.DLL
0x00007ffbec620000 - 0x00007ffbec629000 	C:\WINDOWS\SYSTEM32\WSOCK32.dll
0x00007ffbef6d0000 - 0x00007ffbef73b000 	C:\WINDOWS\System32\WS2_32.dll
0x00007ffbdbf40000 - 0x00007ffbdbf67000 	C:\WINDOWS\SYSTEM32\WINMM.dll
0x00007ffbdb580000 - 0x00007ffbdb58a000 	C:\WINDOWS\SYSTEM32\VERSION.dll
0x00007ffbe9770000 - 0x00007ffbe977f000 	C:\Program Files\Java\jdk1.8.0_202\jre\bin\verify.dll
0x00007ffbe88f0000 - 0x00007ffbe8919000 	C:\Program Files\Java\jdk1.8.0_202\jre\bin\java.dll
0x00007ffbe88d0000 - 0x00007ffbe88e6000 	C:\Program Files\Java\jdk1.8.0_202\jre\bin\zip.dll
0x00007ffbee9a0000 - 0x00007ffbef0e4000 	C:\WINDOWS\System32\SHELL32.dll
0x00007ffbebba0000 - 0x00007ffbec334000 	C:\WINDOWS\SYSTEM32\windows.storage.dll
0x00007ffbf03a0000 - 0x00007ffbf06f4000 	C:\WINDOWS\System32\combase.dll
0x00007ffbed8f0000 - 0x00007ffbed91c000 	C:\WINDOWS\SYSTEM32\Wldp.dll
0x00007ffbef550000 - 0x00007ffbef5fd000 	C:\WINDOWS\System32\SHCORE.dll
0x00007ffbee850000 - 0x00007ffbee8a5000 	C:\WINDOWS\System32\shlwapi.dll
0x00007ffbeddd0000 - 0x00007ffbeddef000 	C:\WINDOWS\SYSTEM32\profapi.dll
0x00007ffbe9740000 - 0x00007ffbe974d000 	C:\Program Files\Java\jdk1.8.0_202\jre\bin\management.dll
0x00007ffbe88b0000 - 0x00007ffbe88ca000 	C:\Program Files\Java\jdk1.8.0_202\jre\bin\net.dll
0x00007ffbdf0e0000 - 0x00007ffbdf2cc000 	C:\WINDOWS\SYSTEM32\urlmon.dll
0x00007ffbdf7a0000 - 0x00007ffbdfa51000 	C:\WINDOWS\SYSTEM32\iertutil.dll
0x00007ffbdf0b0000 - 0x00007ffbdf0d8000 	C:\WINDOWS\SYSTEM32\srvcli.dll
0x00007ffbed330000 - 0x00007ffbed33c000 	C:\WINDOWS\SYSTEM32\netutils.dll
0x00007ffbed650000 - 0x00007ffbed6ba000 	C:\WINDOWS\system32\mswsock.dll
0x00007ffbd7950000 - 0x00007ffbd7967000 	C:\WINDOWS\system32\napinsp.dll
0x00007ffbd78f0000 - 0x00007ffbd790b000 	C:\WINDOWS\system32\pnrpnsp.dll
0x00007ffbe8f20000 - 0x00007ffbe8f35000 	C:\WINDOWS\system32\wshbth.dll
0x00007ffbe9030000 - 0x00007ffbe904d000 	C:\WINDOWS\system32\NLAapi.dll
0x00007ffbed2f0000 - 0x00007ffbed32b000 	C:\WINDOWS\SYSTEM32\IPHLPAPI.DLL
0x00007ffbed340000 - 0x00007ffbed40a000 	C:\WINDOWS\SYSTEM32\DNSAPI.dll
0x00007ffbefff0000 - 0x00007ffbefff8000 	C:\WINDOWS\System32\NSI.dll
0x00007ffbd7750000 - 0x00007ffbd7762000 	C:\WINDOWS\System32\winrnr.dll
0x00007ffbdedf0000 - 0x00007ffbdedfa000 	C:\Windows\System32\rasadhlp.dll
0x00007ffbdf310000 - 0x00007ffbdf38f000 	C:\WINDOWS\System32\fwpuclnt.dll
0x00007ffbee7a0000 - 0x00007ffbee7c7000 	C:\WINDOWS\System32\bcrypt.dll
0x00007ffbe8870000 - 0x00007ffbe8882000 	C:\Program Files\Java\jdk1.8.0_202\jre\bin\nio.dll
0x00007ffbed840000 - 0x00007ffbed858000 	C:\WINDOWS\SYSTEM32\CRYPTSP.dll
0x00007ffbecf60000 - 0x00007ffbecf94000 	C:\WINDOWS\system32\rsaenh.dll
0x00007ffbedd90000 - 0x00007ffbeddbe000 	C:\WINDOWS\SYSTEM32\USERENV.dll
0x00007ffbee1f0000 - 0x00007ffbee272000 	C:\WINDOWS\System32\bcryptprimitives.dll
0x00007ffbed860000 - 0x00007ffbed86c000 	C:\WINDOWS\SYSTEM32\CRYPTBASE.dll
0x00007ffbe5db0000 - 0x00007ffbe5dc7000 	C:\WINDOWS\SYSTEM32\dhcpcsvc6.DLL
0x00007ffbe5d90000 - 0x00007ffbe5dad000 	C:\WINDOWS\SYSTEM32\dhcpcsvc.DLL
0x00007ffbe39e0000 - 0x00007ffbe3a04000 	C:\Program Files\Java\jdk1.8.0_202\jre\bin\sunec.dll
0x00007ffbe8230000 - 0x00007ffbe823b000 	C:\Program Files\Java\jdk1.8.0_202\jre\bin\sunmscapi.dll
0x00007ffbee640000 - 0x00007ffbee796000 	C:\WINDOWS\System32\CRYPT32.dll

VM Arguments:
jvm_args: -Dfile.encoding=UTF-8 
java_command: com.nish.InfybuzzSpringRestApiCourseApplication
java_class_path (initial): C:\Users\devbh\Downloads\java web services mastery\newworkspace\infybuzz-spring-rest-api-course\target\classes;C:\Users\devbh\.m2\repository\org\springframework\boot\spring-boot-starter-web\2.6.6\spring-boot-starter-web-2.6.6.jar;C:\Users\devbh\.m2\repository\org\springframework\boot\spring-boot-starter\2.6.6\spring-boot-starter-2.6.6.jar;C:\Users\devbh\.m2\repository\org\springframework\boot\spring-boot\2.6.6\spring-boot-2.6.6.jar;C:\Users\devbh\.m2\repository\org\springframework\boot\spring-boot-autoconfigure\2.6.6\spring-boot-autoconfigure-2.6.6.jar;C:\Users\devbh\.m2\repository\org\springframework\boot\spring-boot-starter-logging\2.6.6\spring-boot-starter-logging-2.6.6.jar;C:\Users\devbh\.m2\repository\ch\qos\logback\logback-classic\1.2.11\logback-classic-1.2.11.jar;C:\Users\devbh\.m2\repository\ch\qos\logback\logback-core\1.2.11\logback-core-1.2.11.jar;C:\Users\devbh\.m2\repository\org\apache\logging\log4j\log4j-to-slf4j\2.17.2\log4j-to-slf4j-2.17.2.jar;C:\Users\devbh\.m2\repository\org\apache\logging\log4j\log4j-api\2.17.2\log4j-api-2.17.2.jar;C:\Users\devbh\.m2\repository\org\slf4j\jul-to-slf4j\1.7.36\jul-to-slf4j-1.7.36.jar;C:\Users\devbh\.m2\repository\jakarta\annotation\jakarta.annotation-api\1.3.5\jakarta.annotation-api-1.3.5.jar;C:\Users\devbh\.m2\repository\org\yaml\snakeyaml\1.29\snakeyaml-1.29.jar;C:\Users\devbh\.m2\repository\org\springframework\boot\spring-boot-starter-json\2.6.6\spring-boot-starter-json-2.6.6.jar;C:\Users\devbh\.m2\repository\com\fasterxml\jackson\core\jackson-databind\2.13.2.2\jackson-databind-2.13.2.2.jar;C:\Users\devbh\.m2\repository\com\fasterxml\jackson\core\jackson-annotations\2.13.2\jackson-annotations-2.13.2.jar;C:\Users\devbh\.m2\repository\com\fasterxml\jackson\core\jackson-core\2.13.2\jackson-core-2.13.2.jar;C:\Users\devbh\.m2\repository\com\fasterxml\jackson\datatype\jackson-datatype-jdk8\2.13.2\jackson-datatype-jdk8-2.13.2.jar;C:\Users\devbh\.m2\repository\com\fasterxml\jackson\datatype\jac
Launcher Type: SUN_STANDARD

Environment Variables:
CLASSPATH=C:\Users\devbh\Downloads\4jarphiles\mysql-connector-java-8.0.13.jar
PATH=C:/STS4/sts-4.13.0.RELEASE//plugins/org.eclipse.justj.openjdk.hotspot.jre.full.win32.x86_64_17.0.1.v20211116-1657/jre/bin/server;C:/STS4/sts-4.13.0.RELEASE//plugins/org.eclipse.justj.openjdk.hotspot.jre.full.win32.x86_64_17.0.1.v20211116-1657/jre/bin;C:\WINDOWS\system32;C:\WINDOWS;C:\WINDOWS\System32\Wbem;C:\WINDOWS\System32\WindowsPowerShell\v1.0\;C:\Program Files (x86)\Common Files\lenovo\easyplussdk\bin;C:\Program Files\Intel\WiFi\bin\;C:\Program Files\Common Files\Intel\WirelessCommon\;C:\WINDOWS\System32\OpenSSH\;C:\Program Files\dotnet\;C:\Program Files\Microsoft SQL Server\130\Tools\Binn\;C:\Program Files\Microsoft SQL Server\Client SDK\ODBC\170\Tools\Binn\;C:\Program Files\Microsoft SQL Server\Client SDK\ODBC\110\Tools\Binn\;C:\Program Files (x86)\Microsoft SQL Server\120\Tools\Binn\;C:\Program Files\Microsoft SQL Server\120\Tools\Binn\;C:\Program Files\Microsoft SQL Server\120\DTS\Binn\;C:\Program Files (x86)\Microsoft SQL Server\120\Tools\Binn\ManagementStudio\;C:\Program Files (x86)\Microsoft SQL Server\120\DTS\Binn\;C:\Program Files\Microsoft\Web Platform Installer\;C:\Program Files\PuTTY\;C:\Program Files\doxygen\bin;C:\Program Files\nodejs\;C:\Users\devbh\Downloads\scriptellalearning\scriptella-1.2\bin;C:\Program Files\Git\cmd;C:\Program Files\TortoiseGit\bin;C:\Java\Java\jdk-11.0.14\bin;C:\Program Files\MySQL\MySQL Shell 8.0\bin\;C:\Users\devbh\AppData\Local\Programs\Python\Python37-32\Scripts\;C:\Users\devbh\AppData\Local\Programs\Python\Python37-32\;C:\Users\devbh\.dotnet\tools;C:\Users\devbh\AppData\Local\Programs\Microsoft VS Code\bin;C:\Users\devbh\AppData\Local\Microsoft\WindowsApps;C:\Users\devbh\AppData\Roaming\npm;C:\Users\devbh\Downloads\PPHP\Newfolder;C:\Users\devbh\AppData\Local\atom\bin;;C:\STS4\sts-4.13.0.RELEASE;
USERNAME=devbhatt
OS=Windows_NT
PROCESSOR_IDENTIFIER=Intel64 Family 6 Model 78 Stepping 3, GenuineIntel



---------------  S Y S T E M  ---------------

OS: Windows 10.0 , 64 bit Build 19041 (10.0.19041.1566)

CPU:total 4 (initial active 4) (2 cores per cpu, 2 threads per core) family 6 model 78 stepping 3, cmov, cx8, fxsr, mmx, sse, sse2, sse3, ssse3, sse4.1, sse4.2, popcnt, avx, avx2, aes, clmul, erms, 3dnowpref, lzcnt, ht, tsc, tscinvbit, bmi1, bmi2, adx

Memory: 4k page, physical 16680864k(6634180k free), swap 67012512k(8080k free)

vm_info: Java HotSpot(TM) 64-Bit Server VM (25.202-b08) for windows-amd64 JRE (1.8.0_202-b08), built on Dec 15 2018 19:54:30 by "java_re" with MS VC++ 10.0 (VS2010)

time: Tue Apr 05 12:24:14 2022
timezone: Malay Peninsula Standard Time
elapsed time: 96 seconds (0d 0h 1m 36s)

