#
# There is insufficient memory for the Java Runtime Environment to continue.
# Native memory allocation (malloc) failed to allocate 1034576 bytes for Chunk::new
# Possible reasons:
#   The system is out of physical RAM or swap space
#   The process is running with CompressedOops enabled, and the Java Heap may be blocking the growth of the native heap
# Possible solutions:
#   Reduce memory load on the system
#   Increase physical memory or swap space
#   Check if swap backing store is full
#   Decrease Java heap size (-Xmx/-Xms)
#   Decrease number of Java threads
#   Decrease Java thread stack sizes (-Xss)
#   Set larger code cache with -XX:ReservedCodeCacheSize=
#   JVM is running with Zero Based Compressed Oops mode in which the Java heap is
#     placed in the first 32GB address space. The Java Heap base address is the
#     maximum limit for the native heap growth. Please use -XX:HeapBaseMinAddress
#     to set the Java Heap base and to place the Java Heap above 32GB virtual address.
# This output file may be truncated or incomplete.
#
#  Out of Memory Error (allocation.cpp:389), pid=9708, tid=0x0000000000005020
#
# JRE version: Java(TM) SE Runtime Environment (8.0_202-b08) (build 1.8.0_202-b08)
# Java VM: Java HotSpot(TM) 64-Bit Server VM (25.202-b08 mixed mode windows-amd64 compressed oops)
# Failed to write core dump. Minidumps are not enabled by default on client versions of Windows
#

---------------  T H R E A D  ---------------

Current thread (0x000000001c241800):  JavaThread "C2 CompilerThread1" daemon [_thread_in_native, id=20512, stack(0x000000001d9a0000,0x000000001daa0000)]

Stack: [0x000000001d9a0000,0x000000001daa0000]
[error occurred during error reporting (printing stack bounds), id 0xc0000005]

Native frames: (J=compiled Java code, j=interpreted, Vv=VM code, C=native code)


Current CompileTask:
C2:   6152 3209   !   4       java.net.URL::<init> (543 bytes)


---------------  P R O C E S S  ---------------

Java Threads: ( => current thread )
  0x00000000210d5000 JavaThread "HikariPool-1 connection adder" daemon [_thread_blocked, id=400, stack(0x0000000025130000,0x0000000025230000)]
  0x00000000210d1000 JavaThread "HikariPool-1 housekeeper" daemon [_thread_blocked, id=4448, stack(0x0000000025030000,0x0000000025130000)]
  0x00000000210d4000 JavaThread "mysql-cj-abandoned-connection-cleanup" daemon [_thread_blocked, id=21148, stack(0x0000000024630000,0x0000000024730000)]
  0x00000000210d2800 JavaThread "container-0" [_thread_blocked, id=5856, stack(0x0000000023540000,0x0000000023640000)]
  0x0000000022ff2800 JavaThread "Catalina-utility-2" [_thread_blocked, id=6692, stack(0x00000000221c0000,0x00000000222c0000)]
  0x0000000023699800 JavaThread "Catalina-utility-1" [_thread_blocked, id=4660, stack(0x00000000202f0000,0x00000000203f0000)]
  0x000000001dbd0800 JavaThread "Service Thread" daemon [_thread_blocked, id=16836, stack(0x000000001dfa0000,0x000000001e0a0000)]
  0x000000001c248000 JavaThread "C1 CompilerThread2" daemon [_thread_blocked, id=4672, stack(0x000000001daa0000,0x000000001dba0000)]
=>0x000000001c241800 JavaThread "C2 CompilerThread1" daemon [_thread_in_native, id=20512, stack(0x000000001d9a0000,0x000000001daa0000)]
  0x000000001c23b000 JavaThread "C2 CompilerThread0" daemon [_thread_blocked, id=10480, stack(0x000000001d8a0000,0x000000001d9a0000)]
  0x000000001c239000 JavaThread "Attach Listener" daemon [_thread_blocked, id=15632, stack(0x000000001d7a0000,0x000000001d8a0000)]
  0x000000001c237800 JavaThread "Signal Dispatcher" daemon [_thread_blocked, id=14060, stack(0x000000001d6a0000,0x000000001d7a0000)]
  0x0000000002b2e000 JavaThread "Finalizer" daemon [_thread_blocked, id=18992, stack(0x000000001d4a0000,0x000000001d5a0000)]
  0x0000000002b25000 JavaThread "Reference Handler" daemon [_thread_blocked, id=20008, stack(0x000000001d3a0000,0x000000001d4a0000)]
  0x0000000002a35000 JavaThread "main" [_thread_in_vm, id=15016, stack(0x0000000002900000,0x0000000002a00000)]

Other Threads:
  0x000000001c1f7800 VMThread [stack: 0x000000001d2a0000,0x000000001d3a0000] [id=19988]
  0x000000001c28b000 WatcherThread [stack: 0x000000001e0a0000,0x000000001e1a0000] [id=3260]

VM state:not at safepoint (normal execution)

VM Mutex/Monitor currently owned by a thread: None

heap address: 0x00000006c1600000, size: 4074 MB, Compressed Oops mode: Zero based, Oop shift amount: 3
Narrow klass base: 0x0000000000000000, Narrow klass shift: 3
Compressed class space size: 1073741824 Address: 0x00000007c0000000

Heap:
 PSYoungGen      total 140288K, used 67101K [0x000000076b200000, 0x0000000776a00000, 0x00000007c0000000)
  eden space 129536K, 51% used [0x000000076b200000,0x000000076f387530,0x0000000773080000)
  from space 10752K, 0% used [0x0000000773080000,0x0000000773080000,0x0000000773b00000)
  to   space 12288K, 0% used [0x0000000775e00000,0x0000000775e00000,0x0000000776a00000)
 ParOldGen       total 148480K, used 14817K [0x00000006c1600000, 0x00000006ca700000, 0x000000076b200000)
  object space 148480K, 9% used [0x00000006c1600000,0x00000006c2478650,0x00000006ca700000)
 Metaspace       used 41015K, capacity 43382K, committed 43608K, reserved 1087488K
  class space    used 5507K, capacity 5914K, committed 6016K, reserved 1048576K

Card table byte_map: [0x0000000011ff0000,0x00000000127f0000] byte_map_base: 0x000000000e9e5000

Marking Bits: (ParMarkBitMap*) 0x000000005f245ce0
 Begin Bits: [0x0000000013140000, 0x00000000170e8000)
 End Bits:   [0x00000000170e8000, 0x000000001b090000)

Polling page: 0x0000000001090000

CodeCache: size=245760Kb used=11901Kb max_used=11909Kb free=233858Kb
 bounds [0x0000000002c30000, 0x00000000037e0000, 0x0000000011c30000]
 total_blobs=3713 nmethods=3244 adapters=381
 compilation: enabled

Compilation events (10 events):
Event: 6.138 Thread 0x000000001c248000 nmethod 3289 0x00000000037ce150 code [0x00000000037ce2e0, 0x00000000037ce608]
Event: 6.142 Thread 0x000000001c23b000 nmethod 3278 0x00000000037d3810 code [0x00000000037d3ae0, 0x00000000037d5f48]
Event: 6.142 Thread 0x000000001c23b000 3279       4       java.lang.reflect.AccessibleObject::isAnnotationPresent (6 bytes)
Event: 6.142 Thread 0x000000001c23b000 nmethod 3279 0x00000000037d0950 code [0x00000000037d0a80, 0x00000000037d0af8]
Event: 6.142 Thread 0x000000001c23b000 3288       4       java.util.Arrays::copyOf (46 bytes)
Event: 6.145 Thread 0x000000001c248000 3290       3       java.lang.invoke.MethodHandleImpl$IntrinsicMethodHandle::<init> (20 bytes)
Event: 6.145 Thread 0x000000001c23b000 nmethod 3288 0x00000000037ced50 code [0x00000000037ceea0, 0x00000000037cf238]
Event: 6.145 Thread 0x000000001c248000 nmethod 3290 0x00000000037d0090 code [0x00000000037d0220, 0x00000000037d07b8]
Event: 6.145 Thread 0x000000001c248000 3291       3       java.lang.invoke.MethodType::dropParameterTypes (162 bytes)
Event: 6.146 Thread 0x000000001c248000 nmethod 3291 0x00000000037d1a90 code [0x00000000037d1d40, 0x00000000037d30a8]

GC Heap History (10 events):
Event: 2.318 GC heap before
{Heap before GC invocations=3 (full 0):
 PSYoungGen      total 76288K, used 16499K [0x000000076b200000, 0x0000000774700000, 0x00000007c0000000)
  eden space 65536K, 12% used [0x000000076b200000,0x000000076ba1c890,0x000000076f200000)
  from space 10752K, 76% used [0x000000076fc80000,0x00000007704805e0,0x0000000770700000)
  to   space 10752K, 0% used [0x000000076f200000,0x000000076f200000,0x000000076fc80000)
 ParOldGen       total 175104K, used 350K [0x00000006c1600000, 0x00000006cc100000, 0x000000076b200000)
  object space 175104K, 0% used [0x00000006c1600000,0x00000006c1657958,0x00000006cc100000)
 Metaspace       used 20196K, capacity 21124K, committed 21248K, reserved 1067008K
  class space    used 2521K, capacity 2734K, committed 2816K, reserved 1048576K
Event: 2.326 GC heap after
Heap after GC invocations=3 (full 0):
 PSYoungGen      total 76288K, used 6183K [0x000000076b200000, 0x0000000774700000, 0x00000007c0000000)
  eden space 65536K, 0% used [0x000000076b200000,0x000000076b200000,0x000000076f200000)
  from space 10752K, 57% used [0x000000076f200000,0x000000076f809cc8,0x000000076fc80000)
  to   space 10752K, 0% used [0x0000000773c80000,0x0000000773c80000,0x0000000774700000)
 ParOldGen       total 175104K, used 358K [0x00000006c1600000, 0x00000006cc100000, 0x000000076b200000)
  object space 175104K, 0% used [0x00000006c1600000,0x00000006c1659958,0x00000006cc100000)
 Metaspace       used 20196K, capacity 21124K, committed 21248K, reserved 1067008K
  class space    used 2521K, capacity 2734K, committed 2816K, reserved 1048576K
}
Event: 2.326 GC heap before
{Heap before GC invocations=4 (full 1):
 PSYoungGen      total 76288K, used 6183K [0x000000076b200000, 0x0000000774700000, 0x00000007c0000000)
  eden space 65536K, 0% used [0x000000076b200000,0x000000076b200000,0x000000076f200000)
  from space 10752K, 57% used [0x000000076f200000,0x000000076f809cc8,0x000000076fc80000)
  to   space 10752K, 0% used [0x0000000773c80000,0x0000000773c80000,0x0000000774700000)
 ParOldGen       total 175104K, used 358K [0x00000006c1600000, 0x00000006cc100000, 0x000000076b200000)
  object space 175104K, 0% used [0x00000006c1600000,0x00000006c1659958,0x00000006cc100000)
 Metaspace       used 20196K, capacity 21124K, committed 21248K, reserved 1067008K
  class space    used 2521K, capacity 2734K, committed 2816K, reserved 1048576K
Event: 2.365 GC heap after
Heap after GC invocations=4 (full 1):
 PSYoungGen      total 76288K, used 0K [0x000000076b200000, 0x0000000774700000, 0x00000007c0000000)
  eden space 65536K, 0% used [0x000000076b200000,0x000000076b200000,0x000000076f200000)
  from space 10752K, 0% used [0x000000076f200000,0x000000076f200000,0x000000076fc80000)
  to   space 10752K, 0% used [0x0000000773c80000,0x0000000773c80000,0x0000000774700000)
 ParOldGen       total 96256K, used 6027K [0x00000006c1600000, 0x00000006c7400000, 0x000000076b200000)
  object space 96256K, 6% used [0x00000006c1600000,0x00000006c1be2c30,0x00000006c7400000)
 Metaspace       used 20196K, capacity 21124K, committed 21248K, reserved 1067008K
  class space    used 2521K, capacity 2734K, committed 2816K, reserved 1048576K
}
Event: 3.630 GC heap before
{Heap before GC invocations=5 (full 1):
 PSYoungGen      total 76288K, used 65536K [0x000000076b200000, 0x0000000774700000, 0x00000007c0000000)
  eden space 65536K, 100% used [0x000000076b200000,0x000000076f200000,0x000000076f200000)
  from space 10752K, 0% used [0x000000076f200000,0x000000076f200000,0x000000076fc80000)
  to   space 10752K, 0% used [0x0000000773c80000,0x0000000773c80000,0x0000000774700000)
 ParOldGen       total 96256K, used 6027K [0x00000006c1600000, 0x00000006c7400000, 0x000000076b200000)
  object space 96256K, 6% used [0x00000006c1600000,0x00000006c1be2c30,0x00000006c7400000)
 Metaspace       used 26364K, capacity 28272K, committed 28416K, reserved 1073152K
  class space    used 3448K, capacity 3794K, committed 3840K, reserved 1048576K
Event: 3.645 GC heap after
Heap after GC invocations=5 (full 1):
 PSYoungGen      total 114176K, used 8856K [0x000000076b200000, 0x0000000774580000, 0x00000007c0000000)
  eden space 104960K, 0% used [0x000000076b200000,0x000000076b200000,0x0000000771880000)
  from space 9216K, 96% used [0x0000000773c80000,0x0000000774526008,0x0000000774580000)
  to   space 10752K, 0% used [0x0000000773080000,0x0000000773080000,0x0000000773b00000)
 ParOldGen       total 96256K, used 6035K [0x00000006c1600000, 0x00000006c7400000, 0x000000076b200000)
  object space 96256K, 6% used [0x00000006c1600000,0x00000006c1be4c30,0x00000006c7400000)
 Metaspace       used 26364K, capacity 28272K, committed 28416K, reserved 1073152K
  class space    used 3448K, capacity 3794K, committed 3840K, reserved 1048576K
}
Event: 5.239 GC heap before
{Heap before GC invocations=6 (full 1):
 PSYoungGen      total 114176K, used 103388K [0x000000076b200000, 0x0000000774580000, 0x00000007c0000000)
  eden space 104960K, 90% used [0x000000076b200000,0x0000000770e51120,0x0000000771880000)
  from space 9216K, 96% used [0x0000000773c80000,0x0000000774526008,0x0000000774580000)
  to   space 10752K, 0% used [0x0000000773080000,0x0000000773080000,0x0000000773b00000)
 ParOldGen       total 96256K, used 6035K [0x00000006c1600000, 0x00000006c7400000, 0x000000076b200000)
  object space 96256K, 6% used [0x00000006c1600000,0x00000006c1be4c30,0x00000006c7400000)
 Metaspace       used 33256K, capacity 35356K, committed 35416K, reserved 1079296K
  class space    used 4321K, capacity 4694K, committed 4736K, reserved 1048576K
Event: 5.254 GC heap after
Heap after GC invocations=6 (full 1):
 PSYoungGen      total 140288K, used 10466K [0x000000076b200000, 0x0000000776a00000, 0x00000007c0000000)
  eden space 129536K, 0% used [0x000000076b200000,0x000000076b200000,0x0000000773080000)
  from space 10752K, 97% used [0x0000000773080000,0x0000000773ab8bd0,0x0000000773b00000)
  to   space 12288K, 0% used [0x0000000775e00000,0x0000000775e00000,0x0000000776a00000)
 ParOldGen       total 96256K, used 6043K [0x00000006c1600000, 0x00000006c7400000, 0x000000076b200000)
  object space 96256K, 6% used [0x00000006c1600000,0x00000006c1be6c30,0x00000006c7400000)
 Metaspace       used 33256K, capacity 35356K, committed 35416K, reserved 1079296K
  class space    used 4321K, capacity 4694K, committed 4736K, reserved 1048576K
}
Event: 5.254 GC heap before
{Heap before GC invocations=7 (full 2):
 PSYoungGen      total 140288K, used 10466K [0x000000076b200000, 0x0000000776a00000, 0x00000007c0000000)
  eden space 129536K, 0% used [0x000000076b200000,0x000000076b200000,0x0000000773080000)
  from space 10752K, 97% used [0x0000000773080000,0x0000000773ab8bd0,0x0000000773b00000)
  to   space 12288K, 0% used [0x0000000775e00000,0x0000000775e00000,0x0000000776a00000)
 ParOldGen       total 96256K, used 6043K [0x00000006c1600000, 0x00000006c7400000, 0x000000076b200000)
  object space 96256K, 6% used [0x00000006c1600000,0x00000006c1be6c30,0x00000006c7400000)
 Metaspace       used 33256K, capacity 35356K, committed 35416K, reserved 1079296K
  class space    used 4321K, capacity 4694K, committed 4736K, reserved 1048576K
Event: 5.320 GC heap after
Heap after GC invocations=7 (full 2):
 PSYoungGen      total 140288K, used 0K [0x000000076b200000, 0x0000000776a00000, 0x00000007c0000000)
  eden space 129536K, 0% used [0x000000076b200000,0x000000076b200000,0x0000000773080000)
  from space 10752K, 0% used [0x0000000773080000,0x0000000773080000,0x0000000773b00000)
  to   space 12288K, 0% used [0x0000000775e00000,0x0000000775e00000,0x0000000776a00000)
 ParOldGen       total 148480K, used 14817K [0x00000006c1600000, 0x00000006ca700000, 0x000000076b200000)
  object space 148480K, 9% used [0x00000006c1600000,0x00000006c2478650,0x00000006ca700000)
 Metaspace       used 33256K, capacity 35356K, committed 35416K, reserved 1079296K
  class space    used 4321K, capacity 4694K, committed 4736K, reserved 1048576K
}

Deoptimization events (10 events):
Event: 5.062 Thread 0x0000000002a35000 Uncommon trap: reason=unstable_if action=reinterpret pc=0x0000000003641ec4 method=java.net.URLStreamHandler.parseURL(Ljava/net/URL;Ljava/lang/String;II)V @ 57
Event: 5.341 Thread 0x0000000002a35000 Uncommon trap: reason=unstable_if action=reinterpret pc=0x00000000032a4780 method=java.lang.ClassLoader.getClassLoadingLock(Ljava/lang/String;)Ljava/lang/Object; @ 6
Event: 5.686 Thread 0x0000000002a35000 Uncommon trap: reason=unstable_if action=reinterpret pc=0x00000000036378e0 method=java.net.URI.match(CJJ)Z @ 45
Event: 5.691 Thread 0x0000000002a35000 Uncommon trap: reason=unstable_if action=reinterpret pc=0x00000000035bd4b8 method=java.util.Properties.load0(Ljava/util/Properties$LineReader;)V @ 161
Event: 5.691 Thread 0x0000000002a35000 Uncommon trap: reason=unstable_if action=reinterpret pc=0x00000000030fb0a8 method=java.util.Properties$LineReader.readLine()I @ 271
Event: 5.692 Thread 0x0000000002a35000 Uncommon trap: reason=unstable_if action=reinterpret pc=0x00000000035a6b20 method=java.util.Properties.loadConvert([CII[C)Ljava/lang/String; @ 4
Event: 5.793 Thread 0x0000000002a35000 Uncommon trap: reason=unstable_if action=reinterpret pc=0x000000000362135c method=java.lang.CharacterDataLatin1.digit(II)I @ 82
Event: 5.830 Thread 0x0000000002a35000 Uncommon trap: reason=unstable_if action=reinterpret pc=0x00000000034846a4 method=sun.misc.ASCIICaseInsensitiveComparator.compare(Ljava/lang/String;Ljava/lang/String;)I @ 83
Event: 6.000 Thread 0x00000000210d5000 Uncommon trap: reason=unstable_if action=reinterpret pc=0x0000000003627b94 method=java.lang.CharacterDataLatin1.digit(II)I @ 82
Event: 6.136 Thread 0x0000000002a35000 Uncommon trap: reason=unstable_if action=reinterpret pc=0x000000000334c618 method=org.springframework.beans.factory.support.AbstractAutowireCapableBeanFactory.determineTargetType(Ljava/lang/String;Lorg/springframework/beans/factory/support/RootBeanDefinit

Classes redefined (0 events):
No events

Internal exceptions (10 events):
Event: 3.156 Thread 0x0000000002a35000 Exception <a 'java/lang/ClassNotFoundException': org/springframework/transaction/annotation/AbstractTransactionManagementConfigurationCustomizer> (0x000000076e31f390) thrown at [C:\re\workspace\8-2-build-windows-amd64-cygwin\jdk8u202\12323\hotspot\src\sha
Event: 3.156 Thread 0x0000000002a35000 Exception <a 'java/lang/ClassNotFoundException': org/springframework/transaction/annotation/ProxyTransactionManagementConfigurationCustomizer> (0x000000076e339f80) thrown at [C:\re\workspace\8-2-build-windows-amd64-cygwin\jdk8u202\12323\hotspot\src\share\
Event: 3.157 Thread 0x0000000002a35000 Exception <a 'java/lang/ClassNotFoundException': org/springframework/context/annotation/ImportAwareCustomizer> (0x000000076e350960) thrown at [C:\re\workspace\8-2-build-windows-amd64-cygwin\jdk8u202\12323\hotspot\src\share\vm\classfile\systemDictionary.cp
Event: 3.158 Thread 0x0000000002a35000 Exception <a 'java/lang/ClassNotFoundException': org/springframework/beans/factory/AwareCustomizer> (0x000000076e361518) thrown at [C:\re\workspace\8-2-build-windows-amd64-cygwin\jdk8u202\12323\hotspot\src\share\vm\classfile\systemDictionary.cpp, line 210
Event: 3.204 Thread 0x0000000002a35000 Exception <a 'java/lang/NoSuchMethodError': java.lang.Object.lambda$map$1(Ljava/util/function/Function;)Ljava/util/stream/Stream;> (0x000000076e7b1808) thrown at [C:\re\workspace\8-2-build-windows-amd64-cygwin\jdk8u202\12323\hotspot\src\share\vm\interpret
Event: 3.535 Thread 0x0000000002a35000 Exception <a 'java/lang/IncompatibleClassChangeError': Found class java.lang.Object, but interface was expected> (0x000000076ed50870) thrown at [C:\re\workspace\8-2-build-windows-amd64-cygwin\jdk8u202\12323\hotspot\src\share\vm\interpreter\linkResolver.cp
Event: 4.602 Thread 0x0000000002a35000 Exception <a 'java/io/FileNotFoundException'> (0x000000076e83b4e0) thrown at [C:\re\workspace\8-2-build-windows-amd64-cygwin\jdk8u202\12323\hotspot\src\share\vm\prims\jni.cpp, line 710]
Event: 4.740 Thread 0x0000000002a35000 Exception <a 'java/io/FileNotFoundException'> (0x000000076ebe2498) thrown at [C:\re\workspace\8-2-build-windows-amd64-cygwin\jdk8u202\12323\hotspot\src\share\vm\prims\jni.cpp, line 710]
Event: 4.787 Thread 0x0000000002a35000 Implicit null exception at 0x0000000002f66597 to 0x0000000002f66985
Event: 5.225 Thread 0x0000000002a35000 Exception <a 'java/lang/ClassNotFoundException': java/lang/Module> (0x0000000770c194c0) thrown at [C:\re\workspace\8-2-build-windows-amd64-cygwin\jdk8u202\12323\hotspot\src\share\vm\classfile\systemDictionary.cpp, line 210]

Events (10 events):
Event: 6.149 loading class org/hibernate/boot/model/relational/InitCommand
Event: 6.149 loading class org/hibernate/boot/model/relational/InitCommand done
Event: 6.149 loading class org/hibernate/boot/model/relational/SqlStringGenerationContext
Event: 6.149 loading class org/hibernate/boot/model/relational/SqlStringGenerationContext done
Event: 6.149 loading class org/hibernate/id/enhanced/TableStructure
Event: 6.149 loading class org/hibernate/id/enhanced/TableStructure done
Event: 6.149 loading class org/hibernate/boot/internal/MetadataImpl
Event: 6.149 loading class org/hibernate/boot/internal/MetadataImpl done
Event: 6.151 loading class org/hibernate/boot/SessionFactoryBuilder
Event: 6.151 loading class org/hibernate/boot/SessionFactoryBuilder done


Dynamic libraries:
0x00007ff7d01a0000 - 0x00007ff7d01d7000 	C:\Program Files\Java\jdk1.8.0_202\bin\javaw.exe
0x00007ffbf0770000 - 0x00007ffbf0965000 	C:\WINDOWS\SYSTEM32\ntdll.dll
0x00007ffbefab0000 - 0x00007ffbefb6e000 	C:\WINDOWS\System32\KERNEL32.DLL
0x00007ffbee280000 - 0x00007ffbee548000 	C:\WINDOWS\System32\KERNELBASE.dll
0x00007ffbf0060000 - 0x00007ffbf010e000 	C:\WINDOWS\System32\ADVAPI32.dll
0x00007ffbef0f0000 - 0x00007ffbef18e000 	C:\WINDOWS\System32\msvcrt.dll
0x00007ffbef8f0000 - 0x00007ffbef98c000 	C:\WINDOWS\System32\sechost.dll
0x00007ffbf0190000 - 0x00007ffbf02b5000 	C:\WINDOWS\System32\RPCRT4.dll
0x00007ffbef750000 - 0x00007ffbef8f0000 	C:\WINDOWS\System32\USER32.dll
0x00007ffbee0a0000 - 0x00007ffbee0c2000 	C:\WINDOWS\System32\win32u.dll
0x00007ffbf0700000 - 0x00007ffbf072b000 	C:\WINDOWS\System32\GDI32.dll
0x00007ffbedf90000 - 0x00007ffbee09b000 	C:\WINDOWS\System32\gdi32full.dll
0x00007ffbee550000 - 0x00007ffbee5ed000 	C:\WINDOWS\System32\msvcp_win.dll
0x00007ffbede90000 - 0x00007ffbedf90000 	C:\WINDOWS\System32\ucrtbase.dll
0x00007ffbccb40000 - 0x00007ffbccdda000 	C:\WINDOWS\WinSxS\amd64_microsoft.windows.common-controls_6595b64144ccf1df_6.0.19041.1110_none_60b5254171f9507e\COMCTL32.dll
0x00007ffbef520000 - 0x00007ffbef550000 	C:\WINDOWS\System32\IMM32.DLL
0x000000005f2d0000 - 0x000000005f3a2000 	C:\Program Files\Java\jdk1.8.0_202\jre\bin\msvcr100.dll
0x000000005ea20000 - 0x000000005f2c5000 	C:\Program Files\Java\jdk1.8.0_202\jre\bin\server\jvm.dll
0x00007ffbef740000 - 0x00007ffbef748000 	C:\WINDOWS\System32\PSAPI.DLL
0x00007ffbec620000 - 0x00007ffbec629000 	C:\WINDOWS\SYSTEM32\WSOCK32.dll
0x00007ffbef6d0000 - 0x00007ffbef73b000 	C:\WINDOWS\System32\WS2_32.dll
0x00007ffbdb580000 - 0x00007ffbdb58a000 	C:\WINDOWS\SYSTEM32\VERSION.dll
0x00007ffbdbf40000 - 0x00007ffbdbf67000 	C:\WINDOWS\SYSTEM32\WINMM.dll
0x00007ffbe9770000 - 0x00007ffbe977f000 	C:\Program Files\Java\jdk1.8.0_202\jre\bin\verify.dll
0x00007ffbe88f0000 - 0x00007ffbe8919000 	C:\Program Files\Java\jdk1.8.0_202\jre\bin\java.dll
0x00007ffbe88d0000 - 0x00007ffbe88e6000 	C:\Program Files\Java\jdk1.8.0_202\jre\bin\zip.dll
0x00007ffbee9a0000 - 0x00007ffbef0e4000 	C:\WINDOWS\System32\SHELL32.dll
0x00007ffbebba0000 - 0x00007ffbec334000 	C:\WINDOWS\SYSTEM32\windows.storage.dll
0x00007ffbf03a0000 - 0x00007ffbf06f4000 	C:\WINDOWS\System32\combase.dll
0x00007ffbed8f0000 - 0x00007ffbed91c000 	C:\WINDOWS\SYSTEM32\Wldp.dll
0x00007ffbef550000 - 0x00007ffbef5fd000 	C:\WINDOWS\System32\SHCORE.dll
0x00007ffbee850000 - 0x00007ffbee8a5000 	C:\WINDOWS\System32\shlwapi.dll
0x00007ffbeddd0000 - 0x00007ffbeddef000 	C:\WINDOWS\SYSTEM32\profapi.dll
0x00007ffbe9740000 - 0x00007ffbe974d000 	C:\Program Files\Java\jdk1.8.0_202\jre\bin\management.dll
0x00007ffbe88b0000 - 0x00007ffbe88ca000 	C:\Program Files\Java\jdk1.8.0_202\jre\bin\net.dll
0x00007ffbdf0e0000 - 0x00007ffbdf2cc000 	C:\WINDOWS\SYSTEM32\urlmon.dll
0x00007ffbdf7a0000 - 0x00007ffbdfa51000 	C:\WINDOWS\SYSTEM32\iertutil.dll
0x00007ffbed330000 - 0x00007ffbed33c000 	C:\WINDOWS\SYSTEM32\netutils.dll
0x00007ffbdf0b0000 - 0x00007ffbdf0d8000 	C:\WINDOWS\SYSTEM32\srvcli.dll
0x00007ffbed650000 - 0x00007ffbed6ba000 	C:\WINDOWS\system32\mswsock.dll
0x00007ffbd7950000 - 0x00007ffbd7967000 	C:\WINDOWS\system32\napinsp.dll
0x00007ffbd78f0000 - 0x00007ffbd790b000 	C:\WINDOWS\system32\pnrpnsp.dll
0x00007ffbe8f20000 - 0x00007ffbe8f35000 	C:\WINDOWS\system32\wshbth.dll
0x00007ffbe9030000 - 0x00007ffbe904d000 	C:\WINDOWS\system32\NLAapi.dll
0x00007ffbed2f0000 - 0x00007ffbed32b000 	C:\WINDOWS\SYSTEM32\IPHLPAPI.DLL
0x00007ffbed340000 - 0x00007ffbed40a000 	C:\WINDOWS\SYSTEM32\DNSAPI.dll
0x00007ffbefff0000 - 0x00007ffbefff8000 	C:\WINDOWS\System32\NSI.dll
0x00007ffbd7750000 - 0x00007ffbd7762000 	C:\WINDOWS\System32\winrnr.dll
0x00007ffbdedf0000 - 0x00007ffbdedfa000 	C:\Windows\System32\rasadhlp.dll
0x00007ffbdf310000 - 0x00007ffbdf38f000 	C:\WINDOWS\System32\fwpuclnt.dll
0x00007ffbee7a0000 - 0x00007ffbee7c7000 	C:\WINDOWS\System32\bcrypt.dll
0x00007ffbe8870000 - 0x00007ffbe8882000 	C:\Program Files\Java\jdk1.8.0_202\jre\bin\nio.dll
0x00007ffbed840000 - 0x00007ffbed858000 	C:\WINDOWS\SYSTEM32\CRYPTSP.dll
0x00007ffbecf60000 - 0x00007ffbecf94000 	C:\WINDOWS\system32\rsaenh.dll
0x00007ffbedd90000 - 0x00007ffbeddbe000 	C:\WINDOWS\SYSTEM32\USERENV.dll
0x00007ffbee1f0000 - 0x00007ffbee272000 	C:\WINDOWS\System32\bcryptprimitives.dll
0x00007ffbed860000 - 0x00007ffbed86c000 	C:\WINDOWS\SYSTEM32\CRYPTBASE.dll
0x00007ffbe5db0000 - 0x00007ffbe5dc7000 	C:\WINDOWS\SYSTEM32\dhcpcsvc6.DLL
0x00007ffbe5d90000 - 0x00007ffbe5dad000 	C:\WINDOWS\SYSTEM32\dhcpcsvc.DLL
0x00007ffbe39e0000 - 0x00007ffbe3a04000 	C:\Program Files\Java\jdk1.8.0_202\jre\bin\sunec.dll
0x00007ffbe8230000 - 0x00007ffbe823b000 	C:\Program Files\Java\jdk1.8.0_202\jre\bin\sunmscapi.dll
0x00007ffbee640000 - 0x00007ffbee796000 	C:\WINDOWS\System32\CRYPT32.dll

VM Arguments:
jvm_args: -Dfile.encoding=UTF-8 
java_command: com.nish.InfybuzzSpringRestApiCourseApplication
java_class_path (initial): C:\Users\devbh\Downloads\java web services mastery\newworkspace\infybuzz-spring-rest-api-course\target\classes;C:\Users\devbh\.m2\repository\org\springframework\boot\spring-boot-starter-web\2.6.6\spring-boot-starter-web-2.6.6.jar;C:\Users\devbh\.m2\repository\org\springframework\boot\spring-boot-starter\2.6.6\spring-boot-starter-2.6.6.jar;C:\Users\devbh\.m2\repository\org\springframework\boot\spring-boot\2.6.6\spring-boot-2.6.6.jar;C:\Users\devbh\.m2\repository\org\springframework\boot\spring-boot-autoconfigure\2.6.6\spring-boot-autoconfigure-2.6.6.jar;C:\Users\devbh\.m2\repository\org\springframework\boot\spring-boot-starter-logging\2.6.6\spring-boot-starter-logging-2.6.6.jar;C:\Users\devbh\.m2\repository\ch\qos\logback\logback-classic\1.2.11\logback-classic-1.2.11.jar;C:\Users\devbh\.m2\repository\ch\qos\logback\logback-core\1.2.11\logback-core-1.2.11.jar;C:\Users\devbh\.m2\repository\org\apache\logging\log4j\log4j-to-slf4j\2.17.2\log4j-to-slf4j-2.17.2.jar;C:\Users\devbh\.m2\repository\org\apache\logging\log4j\log4j-api\2.17.2\log4j-api-2.17.2.jar;C:\Users\devbh\.m2\repository\org\slf4j\jul-to-slf4j\1.7.36\jul-to-slf4j-1.7.36.jar;C:\Users\devbh\.m2\repository\jakarta\annotation\jakarta.annotation-api\1.3.5\jakarta.annotation-api-1.3.5.jar;C:\Users\devbh\.m2\repository\org\yaml\snakeyaml\1.29\snakeyaml-1.29.jar;C:\Users\devbh\.m2\repository\org\springframework\boot\spring-boot-starter-json\2.6.6\spring-boot-starter-json-2.6.6.jar;C:\Users\devbh\.m2\repository\com\fasterxml\jackson\core\jackson-databind\2.13.2.2\jackson-databind-2.13.2.2.jar;C:\Users\devbh\.m2\repository\com\fasterxml\jackson\core\jackson-annotations\2.13.2\jackson-annotations-2.13.2.jar;C:\Users\devbh\.m2\repository\com\fasterxml\jackson\core\jackson-core\2.13.2\jackson-core-2.13.2.jar;C:\Users\devbh\.m2\repository\com\fasterxml\jackson\datatype\jackson-datatype-jdk8\2.13.2\jackson-datatype-jdk8-2.13.2.jar;C:\Users\devbh\.m2\repository\com\fasterxml\jackson\datatype\jac
Launcher Type: SUN_STANDARD

Environment Variables:
CLASSPATH=C:\Users\devbh\Downloads\4jarphiles\mysql-connector-java-8.0.13.jar
PATH=C:/STS4/sts-4.13.0.RELEASE//plugins/org.eclipse.justj.openjdk.hotspot.jre.full.win32.x86_64_17.0.1.v20211116-1657/jre/bin/server;C:/STS4/sts-4.13.0.RELEASE//plugins/org.eclipse.justj.openjdk.hotspot.jre.full.win32.x86_64_17.0.1.v20211116-1657/jre/bin;C:\WINDOWS\system32;C:\WINDOWS;C:\WINDOWS\System32\Wbem;C:\WINDOWS\System32\WindowsPowerShell\v1.0\;C:\Program Files (x86)\Common Files\lenovo\easyplussdk\bin;C:\Program Files\Intel\WiFi\bin\;C:\Program Files\Common Files\Intel\WirelessCommon\;C:\WINDOWS\System32\OpenSSH\;C:\Program Files\dotnet\;C:\Program Files\Microsoft SQL Server\130\Tools\Binn\;C:\Program Files\Microsoft SQL Server\Client SDK\ODBC\170\Tools\Binn\;C:\Program Files\Microsoft SQL Server\Client SDK\ODBC\110\Tools\Binn\;C:\Program Files (x86)\Microsoft SQL Server\120\Tools\Binn\;C:\Program Files\Microsoft SQL Server\120\Tools\Binn\;C:\Program Files\Microsoft SQL Server\120\DTS\Binn\;C:\Program Files (x86)\Microsoft SQL Server\120\Tools\Binn\ManagementStudio\;C:\Program Files (x86)\Microsoft SQL Server\120\DTS\Binn\;C:\Program Files\Microsoft\Web Platform Installer\;C:\Program Files\PuTTY\;C:\Program Files\doxygen\bin;C:\Program Files\nodejs\;C:\Users\devbh\Downloads\scriptellalearning\scriptella-1.2\bin;C:\Program Files\Git\cmd;C:\Program Files\TortoiseGit\bin;C:\Java\Java\jdk-11.0.14\bin;C:\Program Files\MySQL\MySQL Shell 8.0\bin\;C:\Users\devbh\AppData\Local\Programs\Python\Python37-32\Scripts\;C:\Users\devbh\AppData\Local\Programs\Python\Python37-32\;C:\Users\devbh\.dotnet\tools;C:\Users\devbh\AppData\Local\Programs\Microsoft VS Code\bin;C:\Users\devbh\AppData\Local\Microsoft\WindowsApps;C:\Users\devbh\AppData\Roaming\npm;C:\Users\devbh\Downloads\PPHP\Newfolder;C:\Users\devbh\AppData\Local\atom\bin;;C:\STS4\sts-4.13.0.RELEASE;
USERNAME=devbhatt
OS=Windows_NT
PROCESSOR_IDENTIFIER=Intel64 Family 6 Model 78 Stepping 3, GenuineIntel



---------------  S Y S T E M  ---------------

OS: Windows 10.0 , 64 bit Build 19041 (10.0.19041.1566)

CPU:total 4 (initial active 4) (2 cores per cpu, 2 threads per core) family 6 model 78 stepping 3, cmov, cx8, fxsr, mmx, sse, sse2, sse3, ssse3, sse4.1, sse4.2, popcnt, avx, avx2, aes, clmul, erms, 3dnowpref, lzcnt, ht, tsc, tscinvbit, bmi1, bmi2, adx

Memory: 4k page, physical 16680864k(6775112k free), swap 67012512k(5844k free)

vm_info: Java HotSpot(TM) 64-Bit Server VM (25.202-b08) for windows-amd64 JRE (1.8.0_202-b08), built on Dec 15 2018 19:54:30 by "java_re" with MS VC++ 10.0 (VS2010)

time: Tue Apr 05 10:58:51 2022
timezone: Malay Peninsula Standard Time
elapsed time: 6 seconds (0d 0h 0m 6s)

