#
# There is insufficient memory for the Java Runtime Environment to continue.
# Native memory allocation (malloc) failed to allocate 131088 bytes for Chunk::new
# Possible reasons:
#   The system is out of physical RAM or swap space
#   The process is running with CompressedOops enabled, and the Java Heap may be blocking the growth of the native heap
# Possible solutions:
#   Reduce memory load on the system
#   Increase physical memory or swap space
#   Check if swap backing store is full
#   Decrease Java heap size (-Xmx/-Xms)
#   Decrease number of Java threads
#   Decrease Java thread stack sizes (-Xss)
#   Set larger code cache with -XX:ReservedCodeCacheSize=
#   JVM is running with Zero Based Compressed Oops mode in which the Java heap is
#     placed in the first 32GB address space. The Java Heap base address is the
#     maximum limit for the native heap growth. Please use -XX:HeapBaseMinAddress
#     to set the Java Heap base and to place the Java Heap above 32GB virtual address.
# This output file may be truncated or incomplete.
#
#  Out of Memory Error (allocation.cpp:389), pid=20600, tid=0x0000000000002140
#
# JRE version: Java(TM) SE Runtime Environment (8.0_202-b08) (build 1.8.0_202-b08)
# Java VM: Java HotSpot(TM) 64-Bit Server VM (25.202-b08 mixed mode windows-amd64 compressed oops)
# Failed to write core dump. Minidumps are not enabled by default on client versions of Windows
#

---------------  T H R E A D  ---------------

Current thread (0x000000001c25c000):  JavaThread "C2 CompilerThread0" daemon [_thread_in_native, id=8512, stack(0x000000001d8b0000,0x000000001d9b0000)]

Stack: [0x000000001d8b0000,0x000000001d9b0000]
[error occurred during error reporting (printing stack bounds), id 0xc0000005]

Native frames: (J=compiled Java code, j=interpreted, Vv=VM code, C=native code)


Current CompileTask:
C2:  60457 4067       4       org.springframework.transaction.interceptor.AbstractFallbackTransactionAttributeSource::getTransactionAttribute (186 bytes)


---------------  P R O C E S S  ---------------

Java Threads: ( => current thread )
  0x0000000020c61800 JavaThread "DestroyJavaVM" [_thread_blocked, id=9028, stack(0x0000000002990000,0x0000000002a90000)]
  0x0000000020c62800 JavaThread "http-nio-9006-Acceptor" daemon [_thread_in_native, id=12504, stack(0x0000000028040000,0x0000000028140000)]
  0x0000000020c67000 JavaThread "http-nio-9006-Poller" daemon [_thread_in_native, id=18908, stack(0x0000000027f40000,0x0000000028040000)]
  0x0000000020c64800 JavaThread "http-nio-9006-exec-10" daemon [_thread_blocked, id=12856, stack(0x0000000027cc0000,0x0000000027dc0000)]
  0x0000000020c65800 JavaThread "http-nio-9006-exec-9" daemon [_thread_blocked, id=13396, stack(0x0000000027bc0000,0x0000000027cc0000)]
  0x0000000020c66000 JavaThread "http-nio-9006-exec-8" daemon [_thread_blocked, id=14856, stack(0x0000000027ac0000,0x0000000027bc0000)]
  0x000000001c26c000 JavaThread "http-nio-9006-exec-7" daemon [_thread_blocked, id=4600, stack(0x00000000278c0000,0x00000000279c0000)]
  0x000000001c269800 JavaThread "http-nio-9006-exec-6" daemon [_thread_blocked, id=14580, stack(0x00000000277c0000,0x00000000278c0000)]
  0x000000001c268000 JavaThread "http-nio-9006-exec-5" daemon [_thread_blocked, id=21084, stack(0x00000000276c0000,0x00000000277c0000)]
  0x000000001c269000 JavaThread "http-nio-9006-exec-4" daemon [_thread_blocked, id=11128, stack(0x00000000275c0000,0x00000000276c0000)]
  0x000000001c26b000 JavaThread "http-nio-9006-exec-3" daemon [_thread_blocked, id=16720, stack(0x00000000274c0000,0x00000000275c0000)]
  0x000000001c26a800 JavaThread "http-nio-9006-exec-2" daemon [_thread_in_native, id=15456, stack(0x00000000273c0000,0x00000000274c0000)]
  0x000000001c26f000 JavaThread "http-nio-9006-exec-1" daemon [_thread_blocked, id=12404, stack(0x00000000265b0000,0x00000000266b0000)]
  0x000000001c26d800 JavaThread "HikariPool-1 housekeeper" daemon [_thread_blocked, id=18108, stack(0x00000000261b0000,0x00000000262b0000)]
  0x00000000209f1800 JavaThread "mysql-cj-abandoned-connection-cleanup" daemon [_thread_blocked, id=20880, stack(0x0000000024770000,0x0000000024870000)]
  0x000000002139a800 JavaThread "container-0" [_thread_blocked, id=13244, stack(0x0000000024470000,0x0000000024570000)]
  0x0000000024069800 JavaThread "Catalina-utility-2" [_thread_blocked, id=15256, stack(0x00000000217d0000,0x00000000218d0000)]
  0x00000000235b9800 JavaThread "Catalina-utility-1" [_thread_blocked, id=15352, stack(0x0000000020300000,0x0000000020400000)]
  0x000000001dbea800 JavaThread "Service Thread" daemon [_thread_blocked, id=10932, stack(0x000000001dfb0000,0x000000001e0b0000)]
  0x000000001c26c800 JavaThread "C1 CompilerThread2" daemon [_thread_blocked, id=15244, stack(0x000000001dab0000,0x000000001dbb0000)]
  0x000000001c261800 JavaThread "C2 CompilerThread1" daemon [_thread_in_native, id=20468, stack(0x000000001d9b0000,0x000000001dab0000)]
=>0x000000001c25c000 JavaThread "C2 CompilerThread0" daemon [_thread_in_native, id=8512, stack(0x000000001d8b0000,0x000000001d9b0000)]
  0x000000001c25a000 JavaThread "Attach Listener" daemon [_thread_blocked, id=8852, stack(0x000000001d7b0000,0x000000001d8b0000)]
  0x000000001c258800 JavaThread "Signal Dispatcher" daemon [_thread_blocked, id=15608, stack(0x000000001d6b0000,0x000000001d7b0000)]
  0x0000000002c4e000 JavaThread "Finalizer" daemon [_thread_blocked, id=18968, stack(0x000000001d4b0000,0x000000001d5b0000)]
  0x0000000002c45000 JavaThread "Reference Handler" daemon [_thread_blocked, id=19232, stack(0x000000001d3b0000,0x000000001d4b0000)]

Other Threads:
  0x000000001c218000 VMThread [stack: 0x000000001d2b0000,0x000000001d3b0000] [id=9644]
  0x000000001dc04800 WatcherThread [stack: 0x000000001e0b0000,0x000000001e1b0000] [id=14136]

VM state:not at safepoint (normal execution)

VM Mutex/Monitor currently owned by a thread: None

heap address: 0x00000006c1600000, size: 4074 MB, Compressed Oops mode: Zero based, Oop shift amount: 3
Narrow klass base: 0x0000000000000000, Narrow klass shift: 3
Compressed class space size: 1073741824 Address: 0x00000007c0000000

Heap:
 PSYoungGen      total 277504K, used 11199K [0x000000076b200000, 0x0000000782b00000, 0x00000007c0000000)
  eden space 262144K, 4% used [0x000000076b200000,0x000000076bcefce8,0x000000077b200000)
  from space 15360K, 0% used [0x0000000781c00000,0x0000000781c00000,0x0000000782b00000)
  to   space 10752K, 0% used [0x000000077b200000,0x000000077b200000,0x000000077bc80000)
 ParOldGen       total 188928K, used 34388K [0x00000006c1600000, 0x00000006cce80000, 0x000000076b200000)
  object space 188928K, 18% used [0x00000006c1600000,0x00000006c37953a8,0x00000006cce80000)
 Metaspace       used 56523K, capacity 60043K, committed 60160K, reserved 1101824K
  class space    used 7855K, capacity 8436K, committed 8448K, reserved 1048576K

Card table byte_map: [0x0000000012010000,0x0000000012810000] byte_map_base: 0x000000000ea05000

Marking Bits: (ParMarkBitMap*) 0x000000005f245ce0
 Begin Bits: [0x0000000013160000, 0x0000000017108000)
 End Bits:   [0x0000000017108000, 0x000000001b0b0000)

Polling page: 0x00000000010b0000

CodeCache: size=245760Kb used=12965Kb max_used=13800Kb free=232794Kb
 bounds [0x0000000002c50000, 0x00000000039f0000, 0x0000000011c50000]
 total_blobs=4229 nmethods=3694 adapters=447
 compilation: enabled

Compilation events (10 events):
Event: 60.440 Thread 0x000000001c26c800 4077       3       java.beans.MethodDescriptor::<init> (48 bytes)
Event: 60.441 Thread 0x000000001c26c800 nmethod 4077 0x0000000002fa2690 code [0x0000000002fa2840, 0x0000000002fa2fb8]
Event: 60.441 Thread 0x000000001c26c800 4078       3       org.springframework.core.MethodParameter::validateIndex (31 bytes)
Event: 60.442 Thread 0x000000001c26c800 nmethod 4078 0x0000000003066ad0 code [0x0000000003066d20, 0x0000000003067b68]
Event: 60.442 Thread 0x000000001c26c800 4079       3       org.springframework.core.MethodParameter$$Lambda$105/431687661::get$Lambda (9 bytes)
Event: 60.442 Thread 0x000000001c26c800 nmethod 4079 0x0000000003323110 code [0x0000000003323280, 0x00000000033234b0]
Event: 60.442 Thread 0x000000001c26c800 4080       3       org.springframework.core.MethodParameter$$Lambda$105/431687661::<init> (10 bytes)
Event: 60.443 Thread 0x000000001c26c800 nmethod 4080 0x000000000342e510 code [0x000000000342e660, 0x000000000342e810]
Event: 60.446 Thread 0x000000001c26c800 4082       3       java.util.regex.Pattern$Category::isSatisfiedBy (20 bytes)
Event: 60.446 Thread 0x000000001c26c800 nmethod 4082 0x000000000355ee50 code [0x000000000355efe0, 0x000000000355f2f8]

GC Heap History (10 events):
Event: 4.430 GC heap before
{Heap before GC invocations=5 (full 1):
 PSYoungGen      total 141824K, used 131048K [0x000000076b200000, 0x000000077c700000, 0x00000007c0000000)
  eden space 131072K, 99% used [0x000000076b200000,0x00000007731fa0b0,0x0000000773200000)
  from space 10752K, 0% used [0x0000000773200000,0x0000000773200000,0x0000000773c80000)
  to   space 10752K, 0% used [0x000000077bc80000,0x000000077bc80000,0x000000077c700000)
 ParOldGen       total 93696K, used 6970K [0x00000006c1600000, 0x00000006c7180000, 0x000000076b200000)
  object space 93696K, 7% used [0x00000006c1600000,0x00000006c1cce928,0x00000006c7180000)
 Metaspace       used 31550K, capacity 33619K, committed 33792K, reserved 1079296K
  class space    used 4179K, capacity 4559K, committed 4608K, reserved 1048576K
Event: 4.448 GC heap after
Heap after GC invocations=5 (full 1):
 PSYoungGen      total 225280K, used 10734K [0x000000076b200000, 0x000000077c700000, 0x00000007c0000000)
  eden space 214528K, 0% used [0x000000076b200000,0x000000076b200000,0x0000000778380000)
  from space 10752K, 99% used [0x000000077bc80000,0x000000077c6fba38,0x000000077c700000)
  to   space 10752K, 0% used [0x000000077b200000,0x000000077b200000,0x000000077bc80000)
 ParOldGen       total 93696K, used 11596K [0x00000006c1600000, 0x00000006c7180000, 0x000000076b200000)
  object space 93696K, 12% used [0x00000006c1600000,0x00000006c2153190,0x00000006c7180000)
 Metaspace       used 31550K, capacity 33619K, committed 33792K, reserved 1079296K
  class space    used 4179K, capacity 4559K, committed 4608K, reserved 1048576K
}
Event: 4.674 GC heap before
{Heap before GC invocations=6 (full 1):
 PSYoungGen      total 225280K, used 39109K [0x000000076b200000, 0x000000077c700000, 0x00000007c0000000)
  eden space 214528K, 13% used [0x000000076b200000,0x000000076cdb59c8,0x0000000778380000)
  from space 10752K, 99% used [0x000000077bc80000,0x000000077c6fba38,0x000000077c700000)
  to   space 10752K, 0% used [0x000000077b200000,0x000000077b200000,0x000000077bc80000)
 ParOldGen       total 93696K, used 11596K [0x00000006c1600000, 0x00000006c7180000, 0x000000076b200000)
  object space 93696K, 12% used [0x00000006c1600000,0x00000006c2153190,0x00000006c7180000)
 Metaspace       used 33347K, capacity 35399K, committed 35496K, reserved 1079296K
  class space    used 4404K, capacity 4773K, committed 4864K, reserved 1048576K
Event: 4.686 GC heap after
Heap after GC invocations=6 (full 1):
 PSYoungGen      total 272896K, used 7080K [0x000000076b200000, 0x0000000782b00000, 0x00000007c0000000)
  eden space 262144K, 0% used [0x000000076b200000,0x000000076b200000,0x000000077b200000)
  from space 10752K, 65% used [0x000000077b200000,0x000000077b8ea040,0x000000077bc80000)
  to   space 15360K, 0% used [0x0000000781c00000,0x0000000781c00000,0x0000000782b00000)
 ParOldGen       total 93696K, used 11604K [0x00000006c1600000, 0x00000006c7180000, 0x000000076b200000)
  object space 93696K, 12% used [0x00000006c1600000,0x00000006c2155190,0x00000006c7180000)
 Metaspace       used 33347K, capacity 35399K, committed 35496K, reserved 1079296K
  class space    used 4404K, capacity 4773K, committed 4864K, reserved 1048576K
}
Event: 4.686 GC heap before
{Heap before GC invocations=7 (full 2):
 PSYoungGen      total 272896K, used 7080K [0x000000076b200000, 0x0000000782b00000, 0x00000007c0000000)
  eden space 262144K, 0% used [0x000000076b200000,0x000000076b200000,0x000000077b200000)
  from space 10752K, 65% used [0x000000077b200000,0x000000077b8ea040,0x000000077bc80000)
  to   space 15360K, 0% used [0x0000000781c00000,0x0000000781c00000,0x0000000782b00000)
 ParOldGen       total 93696K, used 11604K [0x00000006c1600000, 0x00000006c7180000, 0x000000076b200000)
  object space 93696K, 12% used [0x00000006c1600000,0x00000006c2155190,0x00000006c7180000)
 Metaspace       used 33347K, capacity 35399K, committed 35496K, reserved 1079296K
  class space    used 4404K, capacity 4773K, committed 4864K, reserved 1048576K
Event: 4.759 GC heap after
Heap after GC invocations=7 (full 2):
 PSYoungGen      total 272896K, used 0K [0x000000076b200000, 0x0000000782b00000, 0x00000007c0000000)
  eden space 262144K, 0% used [0x000000076b200000,0x000000076b200000,0x000000077b200000)
  from space 10752K, 0% used [0x000000077b200000,0x000000077b200000,0x000000077bc80000)
  to   space 15360K, 0% used [0x0000000781c00000,0x0000000781c00000,0x0000000782b00000)
 ParOldGen       total 134656K, used 11784K [0x00000006c1600000, 0x00000006c9980000, 0x000000076b200000)
  object space 134656K, 8% used [0x00000006c1600000,0x00000006c21820c0,0x00000006c9980000)
 Metaspace       used 33347K, capacity 35399K, committed 35496K, reserved 1079296K
  class space    used 4404K, capacity 4773K, committed 4864K, reserved 1048576K
}
Event: 60.050 GC heap before
{Heap before GC invocations=8 (full 2):
 PSYoungGen      total 272896K, used 222761K [0x000000076b200000, 0x0000000782b00000, 0x00000007c0000000)
  eden space 262144K, 84% used [0x000000076b200000,0x0000000778b8a5f0,0x000000077b200000)
  from space 10752K, 0% used [0x000000077b200000,0x000000077b200000,0x000000077bc80000)
  to   space 15360K, 0% used [0x0000000781c00000,0x0000000781c00000,0x0000000782b00000)
 ParOldGen       total 134656K, used 11784K [0x00000006c1600000, 0x00000006c9980000, 0x000000076b200000)
  object space 134656K, 8% used [0x00000006c1600000,0x00000006c21820c0,0x00000006c9980000)
 Metaspace       used 55611K, capacity 59063K, committed 59160K, reserved 1099776K
  class space    used 7693K, capacity 8264K, committed 8320K, reserved 1048576K
Event: 60.086 GC heap after
Heap after GC invocations=8 (full 2):
 PSYoungGen      total 277504K, used 15335K [0x000000076b200000, 0x0000000782b00000, 0x00000007c0000000)
  eden space 262144K, 0% used [0x000000076b200000,0x000000076b200000,0x000000077b200000)
  from space 15360K, 99% used [0x0000000781c00000,0x0000000782af9e50,0x0000000782b00000)
  to   space 10752K, 0% used [0x000000077b200000,0x000000077b200000,0x000000077bc80000)
 ParOldGen       total 134656K, used 22484K [0x00000006c1600000, 0x00000006c9980000, 0x000000076b200000)
  object space 134656K, 16% used [0x00000006c1600000,0x00000006c2bf50c0,0x00000006c9980000)
 Metaspace       used 55611K, capacity 59063K, committed 59160K, reserved 1099776K
  class space    used 7693K, capacity 8264K, committed 8320K, reserved 1048576K
}
Event: 60.086 GC heap before
{Heap before GC invocations=9 (full 3):
 PSYoungGen      total 277504K, used 15335K [0x000000076b200000, 0x0000000782b00000, 0x00000007c0000000)
  eden space 262144K, 0% used [0x000000076b200000,0x000000076b200000,0x000000077b200000)
  from space 15360K, 99% used [0x0000000781c00000,0x0000000782af9e50,0x0000000782b00000)
  to   space 10752K, 0% used [0x000000077b200000,0x000000077b200000,0x000000077bc80000)
 ParOldGen       total 134656K, used 22484K [0x00000006c1600000, 0x00000006c9980000, 0x000000076b200000)
  object space 134656K, 16% used [0x00000006c1600000,0x00000006c2bf50c0,0x00000006c9980000)
 Metaspace       used 55611K, capacity 59063K, committed 59160K, reserved 1099776K
  class space    used 7693K, capacity 8264K, committed 8320K, reserved 1048576K
Event: 60.269 GC heap after
Heap after GC invocations=9 (full 3):
 PSYoungGen      total 277504K, used 0K [0x000000076b200000, 0x0000000782b00000, 0x00000007c0000000)
  eden space 262144K, 0% used [0x000000076b200000,0x000000076b200000,0x000000077b200000)
  from space 15360K, 0% used [0x0000000781c00000,0x0000000781c00000,0x0000000782b00000)
  to   space 10752K, 0% used [0x000000077b200000,0x000000077b200000,0x000000077bc80000)
 ParOldGen       total 188928K, used 34388K [0x00000006c1600000, 0x00000006cce80000, 0x000000076b200000)
  object space 188928K, 18% used [0x00000006c1600000,0x00000006c37953a8,0x00000006cce80000)
 Metaspace       used 55611K, capacity 59063K, committed 59160K, reserved 1099776K
  class space    used 7693K, capacity 8264K, committed 8320K, reserved 1048576K
}

Deoptimization events (10 events):
Event: 7.601 Thread 0x0000000002b55000 Uncommon trap: reason=unstable_if action=reinterpret pc=0x000000000391eb5c method=org.springframework.beans.factory.support.AbstractBeanFactory.isTypeMatch(Ljava/lang/String;Lorg/springframework/core/ResolvableType;Z)Z @ 34
Event: 7.654 Thread 0x0000000002b55000 Uncommon trap: reason=unstable_if action=reinterpret pc=0x00000000035aa7cc method=org.springframework.beans.factory.support.DefaultSingletonBeanRegistry.getSingleton(Ljava/lang/String;Z)Ljava/lang/Object; @ 39
Event: 7.673 Thread 0x0000000002b55000 Uncommon trap: reason=class_check action=maybe_recompile pc=0x0000000002fbe820 method=org.springframework.boot.context.properties.source.ConfigurationPropertyName$Elements.charAt(II)C @ 43
Event: 7.673 Thread 0x0000000002b55000 Uncommon trap: reason=class_check action=maybe_recompile pc=0x0000000002fbe820 method=org.springframework.boot.context.properties.source.ConfigurationPropertyName$Elements.charAt(II)C @ 43
Event: 7.769 Thread 0x0000000002b55000 Uncommon trap: reason=unstable_if action=reinterpret pc=0x00000000030026d8 method=org.springframework.util.ConcurrentReferenceHashMap$Segment.clear()V @ 7
Event: 60.018 Thread 0x000000001c26a800 Uncommon trap: reason=class_check action=maybe_recompile pc=0x00000000039d6fbc method=org.springframework.core.annotation.AnnotationsScanner.processMethodHierarchy(Ljava/lang/Object;[ILjava/lang/Class;Lorg/springframework/core/annotation/AnnotationsProces
Event: 60.019 Thread 0x000000001c26a800 Uncommon trap: reason=class_check action=maybe_recompile pc=0x00000000039d6fbc method=org.springframework.core.annotation.AnnotationsScanner.processMethodHierarchy(Ljava/lang/Object;[ILjava/lang/Class;Lorg/springframework/core/annotation/AnnotationsProces
Event: 60.019 Thread 0x000000001c26a800 Uncommon trap: reason=class_check action=maybe_recompile pc=0x00000000039d6fbc method=org.springframework.core.annotation.AnnotationsScanner.processMethodHierarchy(Ljava/lang/Object;[ILjava/lang/Class;Lorg/springframework/core/annotation/AnnotationsProces
Event: 60.022 Thread 0x000000001c26a800 Uncommon trap: reason=class_check action=maybe_recompile pc=0x00000000039d6fbc method=org.springframework.core.annotation.AnnotationsScanner.processMethodHierarchy(Ljava/lang/Object;[ILjava/lang/Class;Lorg/springframework/core/annotation/AnnotationsProces
Event: 60.269 Thread 0x0000000002c45000 Uncommon trap: reason=unstable_if action=reinterpret pc=0x0000000003660a6c method=java.lang.ref.Reference.tryHandlePending(Z)Z @ 20

Classes redefined (0 events):
No events

Internal exceptions (10 events):
Event: 7.308 Thread 0x0000000002b55000 Exception <a 'java/lang/ClassNotFoundException': org/springframework/boot/autoconfigure/web/servlet/WebMvcAutoConfiguration$EnableWebMvcConfigurationCustomizer> (0x0000000775f0fc08) thrown at [C:\re\workspace\8-2-build-windows-amd64-cygwin\jdk8u202\12323\
Event: 7.309 Thread 0x0000000002b55000 Exception <a 'java/lang/ClassNotFoundException': org/springframework/context/ResourceLoaderAwareCustomizer> (0x0000000775f364d0) thrown at [C:\re\workspace\8-2-build-windows-amd64-cygwin\jdk8u202\12323\hotspot\src\share\vm\classfile\systemDictionary.cpp, 
Event: 7.310 Thread 0x0000000002b55000 Exception <a 'java/lang/ClassNotFoundException': org/springframework/beans/factory/AwareCustomizer> (0x0000000775f478f8) thrown at [C:\re\workspace\8-2-build-windows-amd64-cygwin\jdk8u202\12323\hotspot\src\share\vm\classfile\systemDictionary.cpp, line 210
Event: 7.310 Thread 0x0000000002b55000 Exception <a 'java/lang/ClassNotFoundException': org/springframework/context/ApplicationContextAwareCustomizer> (0x0000000775f5a660) thrown at [C:\re\workspace\8-2-build-windows-amd64-cygwin\jdk8u202\12323\hotspot\src\share\vm\classfile\systemDictionary.c
Event: 7.310 Thread 0x0000000002b55000 Exception <a 'java/lang/ClassNotFoundException': org/springframework/beans/factory/AwareCustomizer> (0x0000000775f6c090) thrown at [C:\re\workspace\8-2-build-windows-amd64-cygwin\jdk8u202\12323\hotspot\src\share\vm\classfile\systemDictionary.cpp, line 210
Event: 7.311 Thread 0x0000000002b55000 Exception <a 'java/lang/ClassNotFoundException': org/springframework/web/context/ServletContextAwareCustomizer> (0x0000000775f7edf0) thrown at [C:\re\workspace\8-2-build-windows-amd64-cygwin\jdk8u202\12323\hotspot\src\share\vm\classfile\systemDictionary.c
Event: 7.311 Thread 0x0000000002b55000 Exception <a 'java/lang/ClassNotFoundException': org/springframework/beans/factory/AwareCustomizer> (0x0000000775f90290) thrown at [C:\re\workspace\8-2-build-windows-amd64-cygwin\jdk8u202\12323\hotspot\src\share\vm\classfile\systemDictionary.cpp, line 210
Event: 7.609 Thread 0x0000000002b55000 Exception <a 'java/lang/IncompatibleClassChangeError': Found class java.lang.Object, but interface was expected> (0x0000000777180240) thrown at [C:\re\workspace\8-2-build-windows-amd64-cygwin\jdk8u202\12323\hotspot\src\share\vm\interpreter\linkResolver.cp
Event: 60.439 Thread 0x000000001c26a800 Exception <a 'java/lang/ClassNotFoundException': java/lang/ObjectCustomizer> (0x000000076bb71170) thrown at [C:\re\workspace\8-2-build-windows-amd64-cygwin\jdk8u202\12323\hotspot\src\share\vm\classfile\systemDictionary.cpp, line 210]
Event: 60.440 Thread 0x000000001c26a800 Exception <a 'java/lang/ClassNotFoundException': com/request/CreateStudentRequestCustomizer> (0x000000076bb868f0) thrown at [C:\re\workspace\8-2-build-windows-amd64-cygwin\jdk8u202\12323\hotspot\src\share\vm\classfile\systemDictionary.cpp, line 210]

Events (10 events):
Event: 60.444 loading class org/springframework/util/ReflectionUtils$MethodFilter
Event: 60.444 loading class org/springframework/util/ReflectionUtils$MethodFilter done
Event: 60.445 loading class org/springframework/web/server/ResponseStatusException
Event: 60.445 loading class org/springframework/web/server/ResponseStatusException done
Event: 60.448 loading class org/apache/catalina/core/ApplicationContext$DispatchData
Event: 60.448 loading class org/apache/catalina/core/ApplicationContext$DispatchData done
Event: 60.449 loading class org/apache/catalina/core/ApplicationDispatcher$State
Event: 60.449 loading class org/apache/catalina/core/ApplicationDispatcher$State done
Event: 60.449 loading class javax/servlet/ServletRequestWrapper
Event: 60.449 loading class javax/servlet/ServletRequestWrapper done


Dynamic libraries:
0x00007ff7d01a0000 - 0x00007ff7d01d7000 	C:\Program Files\Java\jdk1.8.0_202\bin\javaw.exe
0x00007ffbf0770000 - 0x00007ffbf0965000 	C:\WINDOWS\SYSTEM32\ntdll.dll
0x00007ffbefab0000 - 0x00007ffbefb6e000 	C:\WINDOWS\System32\KERNEL32.DLL
0x00007ffbee280000 - 0x00007ffbee548000 	C:\WINDOWS\System32\KERNELBASE.dll
0x00007ffbf0060000 - 0x00007ffbf010e000 	C:\WINDOWS\System32\ADVAPI32.dll
0x00007ffbef0f0000 - 0x00007ffbef18e000 	C:\WINDOWS\System32\msvcrt.dll
0x00007ffbef8f0000 - 0x00007ffbef98c000 	C:\WINDOWS\System32\sechost.dll
0x00007ffbf0190000 - 0x00007ffbf02b5000 	C:\WINDOWS\System32\RPCRT4.dll
0x00007ffbef750000 - 0x00007ffbef8f0000 	C:\WINDOWS\System32\USER32.dll
0x00007ffbee0a0000 - 0x00007ffbee0c2000 	C:\WINDOWS\System32\win32u.dll
0x00007ffbf0700000 - 0x00007ffbf072b000 	C:\WINDOWS\System32\GDI32.dll
0x00007ffbedf90000 - 0x00007ffbee09b000 	C:\WINDOWS\System32\gdi32full.dll
0x00007ffbee550000 - 0x00007ffbee5ed000 	C:\WINDOWS\System32\msvcp_win.dll
0x00007ffbede90000 - 0x00007ffbedf90000 	C:\WINDOWS\System32\ucrtbase.dll
0x00007ffbccb40000 - 0x00007ffbccdda000 	C:\WINDOWS\WinSxS\amd64_microsoft.windows.common-controls_6595b64144ccf1df_6.0.19041.1110_none_60b5254171f9507e\COMCTL32.dll
0x00007ffbef520000 - 0x00007ffbef550000 	C:\WINDOWS\System32\IMM32.DLL
0x000000005f2d0000 - 0x000000005f3a2000 	C:\Program Files\Java\jdk1.8.0_202\jre\bin\msvcr100.dll
0x000000005ea20000 - 0x000000005f2c5000 	C:\Program Files\Java\jdk1.8.0_202\jre\bin\server\jvm.dll
0x00007ffbef740000 - 0x00007ffbef748000 	C:\WINDOWS\System32\PSAPI.DLL
0x00007ffbec620000 - 0x00007ffbec629000 	C:\WINDOWS\SYSTEM32\WSOCK32.dll
0x00007ffbef6d0000 - 0x00007ffbef73b000 	C:\WINDOWS\System32\WS2_32.dll
0x00007ffbdbf40000 - 0x00007ffbdbf67000 	C:\WINDOWS\SYSTEM32\WINMM.dll
0x00007ffbdb580000 - 0x00007ffbdb58a000 	C:\WINDOWS\SYSTEM32\VERSION.dll
0x00007ffbe9770000 - 0x00007ffbe977f000 	C:\Program Files\Java\jdk1.8.0_202\jre\bin\verify.dll
0x00007ffbe88f0000 - 0x00007ffbe8919000 	C:\Program Files\Java\jdk1.8.0_202\jre\bin\java.dll
0x00007ffbe88d0000 - 0x00007ffbe88e6000 	C:\Program Files\Java\jdk1.8.0_202\jre\bin\zip.dll
0x00007ffbee9a0000 - 0x00007ffbef0e4000 	C:\WINDOWS\System32\SHELL32.dll
0x00007ffbebba0000 - 0x00007ffbec334000 	C:\WINDOWS\SYSTEM32\windows.storage.dll
0x00007ffbf03a0000 - 0x00007ffbf06f4000 	C:\WINDOWS\System32\combase.dll
0x00007ffbed8f0000 - 0x00007ffbed91c000 	C:\WINDOWS\SYSTEM32\Wldp.dll
0x00007ffbef550000 - 0x00007ffbef5fd000 	C:\WINDOWS\System32\SHCORE.dll
0x00007ffbee850000 - 0x00007ffbee8a5000 	C:\WINDOWS\System32\shlwapi.dll
0x00007ffbeddd0000 - 0x00007ffbeddef000 	C:\WINDOWS\SYSTEM32\profapi.dll
0x00007ffbe9740000 - 0x00007ffbe974d000 	C:\Program Files\Java\jdk1.8.0_202\jre\bin\management.dll
0x00007ffbe88b0000 - 0x00007ffbe88ca000 	C:\Program Files\Java\jdk1.8.0_202\jre\bin\net.dll
0x00007ffbdf0e0000 - 0x00007ffbdf2cc000 	C:\WINDOWS\SYSTEM32\urlmon.dll
0x00007ffbdf7a0000 - 0x00007ffbdfa51000 	C:\WINDOWS\SYSTEM32\iertutil.dll
0x00007ffbdf0b0000 - 0x00007ffbdf0d8000 	C:\WINDOWS\SYSTEM32\srvcli.dll
0x00007ffbed330000 - 0x00007ffbed33c000 	C:\WINDOWS\SYSTEM32\netutils.dll
0x00007ffbed650000 - 0x00007ffbed6ba000 	C:\WINDOWS\system32\mswsock.dll
0x00007ffbd7950000 - 0x00007ffbd7967000 	C:\WINDOWS\system32\napinsp.dll
0x00007ffbd78f0000 - 0x00007ffbd790b000 	C:\WINDOWS\system32\pnrpnsp.dll
0x00007ffbe8f20000 - 0x00007ffbe8f35000 	C:\WINDOWS\system32\wshbth.dll
0x00007ffbe9030000 - 0x00007ffbe904d000 	C:\WINDOWS\system32\NLAapi.dll
0x00007ffbed2f0000 - 0x00007ffbed32b000 	C:\WINDOWS\SYSTEM32\IPHLPAPI.DLL
0x00007ffbed340000 - 0x00007ffbed40a000 	C:\WINDOWS\SYSTEM32\DNSAPI.dll
0x00007ffbefff0000 - 0x00007ffbefff8000 	C:\WINDOWS\System32\NSI.dll
0x00007ffbd7750000 - 0x00007ffbd7762000 	C:\WINDOWS\System32\winrnr.dll
0x00007ffbdedf0000 - 0x00007ffbdedfa000 	C:\Windows\System32\rasadhlp.dll
0x00007ffbdf310000 - 0x00007ffbdf38f000 	C:\WINDOWS\System32\fwpuclnt.dll
0x00007ffbee7a0000 - 0x00007ffbee7c7000 	C:\WINDOWS\System32\bcrypt.dll
0x00007ffbe8870000 - 0x00007ffbe8882000 	C:\Program Files\Java\jdk1.8.0_202\jre\bin\nio.dll
0x00007ffbed840000 - 0x00007ffbed858000 	C:\WINDOWS\SYSTEM32\CRYPTSP.dll
0x00007ffbecf60000 - 0x00007ffbecf94000 	C:\WINDOWS\system32\rsaenh.dll
0x00007ffbedd90000 - 0x00007ffbeddbe000 	C:\WINDOWS\SYSTEM32\USERENV.dll
0x00007ffbee1f0000 - 0x00007ffbee272000 	C:\WINDOWS\System32\bcryptprimitives.dll
0x00007ffbed860000 - 0x00007ffbed86c000 	C:\WINDOWS\SYSTEM32\CRYPTBASE.dll
0x00007ffbe5db0000 - 0x00007ffbe5dc7000 	C:\WINDOWS\SYSTEM32\dhcpcsvc6.DLL
0x00007ffbe5d90000 - 0x00007ffbe5dad000 	C:\WINDOWS\SYSTEM32\dhcpcsvc.DLL
0x00007ffbe39e0000 - 0x00007ffbe3a04000 	C:\Program Files\Java\jdk1.8.0_202\jre\bin\sunec.dll
0x00007ffbe8230000 - 0x00007ffbe823b000 	C:\Program Files\Java\jdk1.8.0_202\jre\bin\sunmscapi.dll
0x00007ffbee640000 - 0x00007ffbee796000 	C:\WINDOWS\System32\CRYPT32.dll

VM Arguments:
jvm_args: -Dfile.encoding=UTF-8 
java_command: com.nish.InfybuzzSpringRestApiCourseApplication
java_class_path (initial): C:\Users\devbh\Downloads\java web services mastery\newworkspace\infybuzz-spring-rest-api-course\target\classes;C:\Users\devbh\.m2\repository\org\springframework\boot\spring-boot-starter-web\2.6.6\spring-boot-starter-web-2.6.6.jar;C:\Users\devbh\.m2\repository\org\springframework\boot\spring-boot-starter\2.6.6\spring-boot-starter-2.6.6.jar;C:\Users\devbh\.m2\repository\org\springframework\boot\spring-boot\2.6.6\spring-boot-2.6.6.jar;C:\Users\devbh\.m2\repository\org\springframework\boot\spring-boot-autoconfigure\2.6.6\spring-boot-autoconfigure-2.6.6.jar;C:\Users\devbh\.m2\repository\org\springframework\boot\spring-boot-starter-logging\2.6.6\spring-boot-starter-logging-2.6.6.jar;C:\Users\devbh\.m2\repository\ch\qos\logback\logback-classic\1.2.11\logback-classic-1.2.11.jar;C:\Users\devbh\.m2\repository\ch\qos\logback\logback-core\1.2.11\logback-core-1.2.11.jar;C:\Users\devbh\.m2\repository\org\apache\logging\log4j\log4j-to-slf4j\2.17.2\log4j-to-slf4j-2.17.2.jar;C:\Users\devbh\.m2\repository\org\apache\logging\log4j\log4j-api\2.17.2\log4j-api-2.17.2.jar;C:\Users\devbh\.m2\repository\org\slf4j\jul-to-slf4j\1.7.36\jul-to-slf4j-1.7.36.jar;C:\Users\devbh\.m2\repository\jakarta\annotation\jakarta.annotation-api\1.3.5\jakarta.annotation-api-1.3.5.jar;C:\Users\devbh\.m2\repository\org\yaml\snakeyaml\1.29\snakeyaml-1.29.jar;C:\Users\devbh\.m2\repository\org\springframework\boot\spring-boot-starter-json\2.6.6\spring-boot-starter-json-2.6.6.jar;C:\Users\devbh\.m2\repository\com\fasterxml\jackson\core\jackson-databind\2.13.2.2\jackson-databind-2.13.2.2.jar;C:\Users\devbh\.m2\repository\com\fasterxml\jackson\core\jackson-annotations\2.13.2\jackson-annotations-2.13.2.jar;C:\Users\devbh\.m2\repository\com\fasterxml\jackson\core\jackson-core\2.13.2\jackson-core-2.13.2.jar;C:\Users\devbh\.m2\repository\com\fasterxml\jackson\datatype\jackson-datatype-jdk8\2.13.2\jackson-datatype-jdk8-2.13.2.jar;C:\Users\devbh\.m2\repository\com\fasterxml\jackson\datatype\jac
Launcher Type: SUN_STANDARD

Environment Variables:
CLASSPATH=C:\Users\devbh\Downloads\4jarphiles\mysql-connector-java-8.0.13.jar
PATH=C:/STS4/sts-4.13.0.RELEASE//plugins/org.eclipse.justj.openjdk.hotspot.jre.full.win32.x86_64_17.0.1.v20211116-1657/jre/bin/server;C:/STS4/sts-4.13.0.RELEASE//plugins/org.eclipse.justj.openjdk.hotspot.jre.full.win32.x86_64_17.0.1.v20211116-1657/jre/bin;C:\WINDOWS\system32;C:\WINDOWS;C:\WINDOWS\System32\Wbem;C:\WINDOWS\System32\WindowsPowerShell\v1.0\;C:\Program Files (x86)\Common Files\lenovo\easyplussdk\bin;C:\Program Files\Intel\WiFi\bin\;C:\Program Files\Common Files\Intel\WirelessCommon\;C:\WINDOWS\System32\OpenSSH\;C:\Program Files\dotnet\;C:\Program Files\Microsoft SQL Server\130\Tools\Binn\;C:\Program Files\Microsoft SQL Server\Client SDK\ODBC\170\Tools\Binn\;C:\Program Files\Microsoft SQL Server\Client SDK\ODBC\110\Tools\Binn\;C:\Program Files (x86)\Microsoft SQL Server\120\Tools\Binn\;C:\Program Files\Microsoft SQL Server\120\Tools\Binn\;C:\Program Files\Microsoft SQL Server\120\DTS\Binn\;C:\Program Files (x86)\Microsoft SQL Server\120\Tools\Binn\ManagementStudio\;C:\Program Files (x86)\Microsoft SQL Server\120\DTS\Binn\;C:\Program Files\Microsoft\Web Platform Installer\;C:\Program Files\PuTTY\;C:\Program Files\doxygen\bin;C:\Program Files\nodejs\;C:\Users\devbh\Downloads\scriptellalearning\scriptella-1.2\bin;C:\Program Files\Git\cmd;C:\Program Files\TortoiseGit\bin;C:\Java\Java\jdk-11.0.14\bin;C:\Program Files\MySQL\MySQL Shell 8.0\bin\;C:\Users\devbh\AppData\Local\Programs\Python\Python37-32\Scripts\;C:\Users\devbh\AppData\Local\Programs\Python\Python37-32\;C:\Users\devbh\.dotnet\tools;C:\Users\devbh\AppData\Local\Programs\Microsoft VS Code\bin;C:\Users\devbh\AppData\Local\Microsoft\WindowsApps;C:\Users\devbh\AppData\Roaming\npm;C:\Users\devbh\Downloads\PPHP\Newfolder;C:\Users\devbh\AppData\Local\atom\bin;;C:\STS4\sts-4.13.0.RELEASE;
USERNAME=devbhatt
OS=Windows_NT
PROCESSOR_IDENTIFIER=Intel64 Family 6 Model 78 Stepping 3, GenuineIntel



---------------  S Y S T E M  ---------------

OS: Windows 10.0 , 64 bit Build 19041 (10.0.19041.1566)

CPU:total 4 (initial active 4) (2 cores per cpu, 2 threads per core) family 6 model 78 stepping 3, cmov, cx8, fxsr, mmx, sse, sse2, sse3, ssse3, sse4.1, sse4.2, popcnt, avx, avx2, aes, clmul, erms, 3dnowpref, lzcnt, ht, tsc, tscinvbit, bmi1, bmi2, adx

Memory: 4k page, physical 16680864k(6599168k free), swap 67012512k(5332k free)

vm_info: Java HotSpot(TM) 64-Bit Server VM (25.202-b08) for windows-amd64 JRE (1.8.0_202-b08), built on Dec 15 2018 19:54:30 by "java_re" with MS VC++ 10.0 (VS2010)

time: Tue Apr 05 12:07:48 2022
timezone: Malay Peninsula Standard Time
elapsed time: 60 seconds (0d 0h 1m 0s)

